aaaaaaaaaa
yaaaaaaaaa
ydaaaaaaaa
pdaaaaaaaa
pmaaaaaaaa
umaaaaaaaa
ujaaaaaaaa
kjaaaaaaaa
koaaaaaaaa
boaaaaaaaa
bsaaaaaaaa
hsaaaaaaaa
hqaaaaaaaa
lqaaaaaaaa
lvaaaaaaaa
zvaaaaaaaa
zfaaaaaaaa
ofaaaaaaaa
obaaaaaaaa
sbaaaaaaaa
shaaaaaaaa
qhaaaaaaaa
qlaaaaaaaa
vlaaaaaaaa
vzaaaaaaaa
fzaaaaaaaa
fraaaaaaaa
craaaaaaaa
cwaaaaaaaa
rwaaaaaaaa
rcaaaaaaaa
wcaaaaaaaa
wgaaaaaaaa
xgaaaaaaaa
xnaaaaaaaa
inaaaaaaaa
ieaaaaaaaa
teaaaaaaaa
ttaaaaaaaa
gtaaaaaaaa
gxaaaaaaaa
nxaaaaaaaa
niaaaaaaaa
eiaaaaaaaa
epaaaaaaaa
mpaaaaaaaa
muaaaaaaaa
juaaaaaaaa
jkaaaaaaaa
dkaaaaaaaa
dyaaaaaaaa
dymaaaaaaa
uymaaaaaaa
ubmaaaaaaa
kbmaaaaaaa
kamaaaaaaa
qamaaaaaaa
qdmaaaaaaa
vdmaaaaaaa
vmmaaaaaaa
fmmaaaaaaa
fjmaaaaaaa
bjmaaaaaaa
bwmaaaaaaa
ywmaaaaaaa
yqmaaaaaaa
pqmaaaaaaa
pvmaaaaaaa
cvmaaaaaaa
cfmaaaaaaa
rfmaaaaaaa
remaaaaaaa
semaaaaaaa
srmaaaaaaa
xrmaaaaaaa
xlmaaaaaaa
ilmaaaaaaa
izmaaaaaaa
wzmaaaaaaa
womaaaaaaa
homaaaaaaa
hnmaaaaaaa
tnmaaaaaaa
tcmaaaaaaa
lcmaaaaaaa
lgmaaaaaaa
zgmaaaaaaa
zxmaaaaaaa
oxmaaaaaaa
ohmaaaaaaa
ehmaaaaaaa
etmaaaaaaa
mtmaaaaaaa
mimaaaaaaa
jimaaaaaaa
jsmaaaaaaa
asmaaaaaaa
aumaaaaaaa
gumaaaaaaa
gpmaaaaaaa
npmaaaaaaa
nkmaaaaaaa
nkvaaaaaaa
ykvaaaaaaa
yfvaaaaaaa
pfvaaaaaaa
pbvaaaaaaa
wbvaaaaaaa
wjvaaaaaaa
qjvaaaaaaa
qwvaaaaaaa
vwvaaaaaaa
vcvaaaaaaa
fcvaaaaaaa
fovaaaaaaa
uovaaaaaaa
usvaaaaaaa
ksvaaaaaaa
kqvaaaaaaa
tqvaaaaaaa
tdvaaaaaaa
zdvaaaaaaa
zmvaaaaaaa
omvaaaaaaa
oavaaaaaaa
savaaaaaaa
sgvaaaaaaa
cgvaaaaaaa
clvaaaaaaa
rlvaaaaaaa
rzvaaaaaaa
xzvaaaaaaa
xtvaaaaaaa
btvaaaaaaa
bnvaaaaaaa
lnvaaaaaaa
levaaaaaaa
hevaaaaaaa
hvvaaaaaaa
ivvaaaaaaa
ixvaaaaaaa
jxvaaaaaaa
jhvaaaaaaa
ahvaaaaaaa
arvaaaaaaa
grvaaaaaaa
givaaaaaaa
divaaaaaaa
duvaaaaaaa
euvaaaaaaa
eyvaaaaaaa
myvaaaaaaa
mypaaaaaaa
qypaaaaaaa
qupaaaaaaa
vupaaaaaaa
vkpaaaaaaa
akpaaaaaaa
aopaaaaaaa
dopaaaaaaa
dppaaaaaaa
hppaaaaaaa
hcpaaaaaaa
jcpaaaaaaa
jvpaaaaaaa
evpaaaaaaa
efpaaaaaaa
gfpaaaaaaa
gbpaaaaaaa
nbpaaaaaaa
nhpaaaaaaa
chpaaaaaaa
ctpaaaaaaa
rtpaaaaaaa
rxpaaaaaaa
fxpaaaaaaa
fipaaaaaaa
bipaaaaaaa
bqpaaaaaaa
uqpaaaaaaa
ugpaaaaaaa
kgpaaaaaaa
krpaaaaaaa
zrpaaaaaaa
zwpaaaaaaa
owpaaaaaaa
olpaaaaaaa
slpaaaaaaa
snpaaaaaaa
pnpaaaaaaa
pzpaaaaaaa
tzpaaaaaaa
tspaaaaaaa
wspaaaaaaa
wmpaaaaaaa
impaaaaaaa
ijpaaaaaaa
ljpaaaaaaa
lapaaaaaaa
xapaaaaaaa
xdpaaaaaaa
xduaaaaaaa
jduaaaaaaa
jbuaaaaaaa
abuaaaaaaa
ayuaaaaaaa
cyuaaaaaaa
cpuaaaaaaa
vpuaaaaaaa
vxuaaaaaaa
wxuaaaaaaa
wkuaaaaaaa
bkuaaaaaaa
beuaaaaaaa
deuaaaaaaa
dquaaaaaaa
mquaaaaaaa
mvuaaaaaaa
gvuaaaaaaa
gwuaaaaaaa
nwuaaaaaaa
ncuaaaaaaa
scuaaaaaaa
suuaaaaaaa
iuuaaaaaaa
ituaaaaaaa
qtuaaaaaaa
qzuaaaaaaa
ezuaaaaaaa
eouaaaaaaa
youaaaaaaa
ysuaaaaaaa
rsuaaaaaaa
riuaaaaaaa
liuaaaaaaa
lruaaaaaaa
oruaaaaaaa
oguaaaaaaa
tguaaaaaaa
tfuaaaaaaa
kfuaaaaaaa
khuaaaaaaa
uhuaaaaaaa
uluaaaaaaa
fluaaaaaaa
fauaaaaaaa
hauaaaaaaa
hjuaaaaaaa
pjuaaaaaaa
pjjaaaaaaa
cjjaaaaaaa
cajaaaaaaa
vajaaaaaaa
vejaaaaaaa
fejaaaaaaa
fgjaaaaaaa
bgjaaaaaaa
bxjaaaaaaa
kxjaaaaaaa
kcjaaaaaaa
ycjaaaaaaa
yvjaaaaaaa
uvjaaaaaaa
ufjaaaaaaa
ifjaaaaaaa
ibjaaaaaaa
tbjaaaaaaa
thjaaaaaaa
xhjaaaaaaa
xwjaaaaaaa
dwjaaaaaaa
dmjaaaaaaa
emjaaaaaaa
erjaaaaaaa
hrjaaaaaaa
hdjaaaaaaa
rdjaaaaaaa
rqjaaaaaaa
wqjaaaaaaa
wnjaaaaaaa
znjaaaaaaa
zujaaaaaaa
oujaaaaaaa
oijaaaaaaa
sijaaaaaaa
stjaaaaaaa
jtjaaaaaaa
jljaaaaaaa
nljaaaaaaa
nzjaaaaaaa
gzjaaaaaaa
gojaaaaaaa
lojaaaaaaa
lsjaaaaaaa
qsjaaaaaaa
qpjaaaaaaa
apjaaaaaaa
apkaaaaaaa
fpkaaaaaaa
fykaaaaaaa
bykaaaaaaa
bukaaaaaaa
hukaaaaaaa
hkkaaaaaaa
lkkaaaaaaa
ltkaaaaaaa
ztkaaaaaaa
zbkaaaaaaa
dbkaaaaaaa
dckaaaaaaa
mckaaaaaaa
mhkaaaaaaa
ghkaaaaaaa
glkaaaaaaa
tlkaaaaaaa
txkaaaaaaa
exkaaaaaaa
eskaaaaaaa
cskaaaaaaa
cokaaaaaaa
jokaaaaaaa
jqkaaaaaaa
nqkaaaaaaa
nvkaaaaaaa
ovkaaaaaaa
oekaaaaaaa
pekaaaaaaa
pikaaaaaaa
wikaaaaaaa
wrkaaaaaaa
qrkaaaaaaa
qmkaaaaaaa
rmkaaaaaaa
rgkaaaaaaa
vgkaaaaaaa
vnkaaaaaaa
unkaaaaaaa
uwkaaaaaaa
kwkaaaaaaa
kzkaaaaaaa
yzkaaaaaaa
yjkaaaaaaa
sjkaaaaaaa
sfkaaaaaaa
xfkaaaaaaa
xfsaaaaaaa
hfsaaaaaaa
hmsaaaaaaa
lmsaaaaaaa
ldsaaaaaaa
udsaaaaaaa
uasaaaaaaa
rasaaaaaaa
rbsaaaaaaa
ybsaaaaaaa
yhsaaaaaaa
phsaaaaaaa
plsaaaaaaa
klsaaaaaaa
kesaaaaaaa
wesaaaaaaa
wtsaaaaaaa
ftsaaaaaaa
fssaaaaaaa
issaaaaaaa
iqsaaaaaaa
zqsaaaaaaa
zjsaaaaaaa
ojsaaaaaaa
onsaaaaaaa
nnsaaaaaaa
ngsaaaaaaa
qgsaaaaaaa
qksaaaaaaa
cksaaaaaaa
czsaaaaaaa
jzsaaaaaaa
jpsaaaaaaa
tpsaaaaaaa
tosaaaaaaa
sosaaaaaaa
swsaaaaaaa
mwsaaaaaaa
mrsaaaaaaa
drsaaaaaaa
dvsaaaaaaa
avsaaaaaaa
axsaaaaaaa
axbaaaaaaa
uxbaaaaaaa
urbaaaaaaa
yrbaaaaaaa
ylbaaaaaaa
blbaaaaaaa
bdbaaaaaaa
fdbaaaaaaa
fnbaaaaaaa
cnbaaaaaaa
cebaaaaaaa
nebaaaaaaa
nabaaaaaaa
wabaaaaaaa
wvbaaaaaaa
xvbaaaaaaa
xmbaaaaaaa
kmbaaaaaaa
kibaaaaaaa
tibaaaaaaa
tjbaaaaaaa
vjbaaaaaaa
vhbaaaaaaa
rhbaaaaaaa
robaaaaaaa
pobaaaaaaa
pgbaaaaaaa
igbaaaaaaa
iwbaaaaaaa
hwbaaaaaaa
hybaaaaaaa
lybaaaaaaa
lfbaaaaaaa
mfbaaaaaaa
mbbaaaaaaa
qbbaaaaaaa
qcbaaaaaaa
ocbaaaaaaa
otbaaaaaaa
dtbaaaaaaa
dzbaaaaaaa
zzbaaaaaaa
zsbaaaaaaa
ssbaaaaaaa
skbaaaaaaa
gkbaaaaaaa
gqbaaaaaaa
eqbaaaaaaa
eqlaaaaaaa
vqlaaaaaaa
vylaaaaaaa
wylaaaaaaa
wplaaaaaaa
bplaaaaaaa
bvlaaaaaaa
rvlaaaaaaa
rulaaaaaaa
lulaaaaaaa
lblaaaaaaa
cblaaaaaaa
cxlaaaaaaa
dxlaaaaaaa
dflaaaaaaa
jflaaaaaaa
jrlaaaaaaa
irlaaaaaaa
iklaaaaaaa
fklaaaaaaa
fhlaaaaaaa
hhlaaaaaaa
hilaaaaaaa
ailaaaaaaa
awlaaaaaaa
twlaaaaaaa
tmlaaaaaaa
nmlaaaaaaa
ntlaaaaaaa
ytlaaaaaaa
yelaaaaaaa
melaaaaaaa
mglaaaaaaa
gglaaaaaaa
gnlaaaaaaa
qnlaaaaaaa
qolaaaaaaa
oolaaaaaaa
ozlaaaaaaa
szlaaaaaaa
sdlaaaaaaa
kdlaaaaaaa
kdhaaaaaaa
cdhaaaaaaa
cmhaaaaaaa
ymhaaaaaaa
yghaaaaaaa
eghaaaaaaa
ejhaaaaaaa
xjhaaaaaaa
xshaaaaaaa
pshaaaaaaa
pchaaaaaaa
uchaaaaaaa
uthaaaaaaa
vthaaaaaaa
vfhaaaaaaa
nfhaaaaaaa
nohaaaaaaa
iohaaaaaaa
ihhaaaaaaa
dhhaaaaaaa
dlhaaaaaaa
mlhaaaaaaa
mzhaaaaaaa
bzhaaaaaaa
bahaaaaaaa
gahaaaaaaa
gehaaaaaaa
zehaaaaaaa
zihaaaaaaa
qihaaaaaaa
qvhaaaaaaa
svhaaaaaaa
sxhaaaaaaa
hxhaaaaaaa
hbhaaaaaaa
fbhaaaaaaa
fwhaaaaaaa
lwhaaaaaaa
lphaaaaaaa
rphaaaaaaa
rkhaaaaaaa
tkhaaaaaaa
trhaaaaaaa
trwaaaaaaa
rrwaaaaaaa
rjwaaaaaaa
jjwaaaaaaa
jawaaaaaaa
zawaaaaaaa
zywaaaaaaa
pywaaaaaaa
ppwaaaaaaa
upwaaaaaaa
uuwaaaaaaa
kuwaaaaaaa
knwaaaaaaa
ynwaaaaaaa
yiwaaaaaaa
viwaaaaaaa
vowaaaaaaa
xowaaaaaaa
xewaaaaaaa
qewaaaaaaa
qqwaaaaaaa
aqwaaaaaaa
adwaaaaaaa
idwaaaaaaa
icwaaaaaaa
bcwaaaaaaa
bbwaaaaaaa
ebwaaaaaaa
elwaaaaaaa
hlwaaaaaaa
hzwaaaaaaa
lzwaaaaaaa
lhwaaaaaaa
whwaaaaaaa
wfwaaaaaaa
ffwaaaaaaa
fvwaaaaaaa
fvdaaaaaaa
tvdaaaaaaa
tadaaaaaaa
iadaaaaaaa
iydaaaaaaa
kydaaaaaaa
kkdaaaaaaa
pkdaaaaaaa
prdaaaaaaa
vrdaaaaaaa
vbdaaaaaaa
xbdaaaaaaa
xcdaaaaaaa
ecdaaaaaaa
eddaaaaaaa
gddaaaaaaa
gsdaaaaaaa
nsdaaaaaaa
njdaaaaaaa
mjdaaaaaaa
mndaaaaaaa
jndaaaaaaa
jwdaaaaaaa
wwdaaaaaaa
wldaaaaaaa
lldaaaaaaa
lxdaaaaaaa
qxdaaaaaaa
qfdaaaaaaa
bfdaaaaaaa
bmdaaaaaaa
amdaaaaaaa
agdaaaaaaa
hgdaaaaaaa
htdaaaaaaa
htqaaaaaaa
ktqaaaaaaa
kvqaaaaaaa
vvqaaaaaaa
vsqaaaaaaa
osqaaaaaaa
odqaaaaaaa
wdqaaaaaaa
wuqaaaaaaa
cuqaaaaaaa
cqqaaaaaaa
fqqaaaaaaa
fqfaaaaaaa
oqfaaaaaaa
okfaaaaaaa
ekfaaaaaaa
enfaaaaaaa
anfaaaaaaa
alfaaaaaaa
zlfaaaaaaa
zpfaaaaaaa
xpfaaaaaaa
xufaaaaaaa
nufaaaaaaa
nyfaaaaaaa
ryfaaaaaaa
rynaaaaaaa
tynaaaaaaa
tunaaaaaaa
funaaaaaaa
fucaaaaaaa
pucaaaaaaa
ptcaaaaaaa
atcaaaaaaa
azcaaaaaaa
uzcaaaaaaa
ukcaaaaaaa
xkcaaaaaaa
xycaaaaaaa
gycaaaaaaa
gmcaaaaaaa
mmcaaaaaaa
mxcaaaaaaa
yxcaaaaaaa
ypcaaaaaaa
opcaaaaaaa
opoaaaaaaa
ipoaaaaaaa
iioaaaaaaa
uioaaaaaaa
ueoaaaaaaa
eeoaaaaaaa
eaoaaaaaaa
paoaaaaaaa
pwoaaaaaaa
pweaaaaaaa
eweaaaaaaa
ewqaaaaaaa
ewqzaaaaaa
ywqzaaaaaa
ydqzaaaaaa
pdqzaaaaaa
pmqzaaaaaa
umqzaaaaaa
ujqzaaaaaa
kjqzaaaaaa
kaqzaaaaaa
zaqzaaaaaa
zfqzaaaaaa
ofqzaaaaaa
obqzaaaaaa
sbqzaaaaaa
shqzaaaaaa
qhqzaaaaaa
qlqzaaaaaa
vlqzaaaaaa
vzqzaaaaaa
fzqzaaaaaa
foqzaaaaaa
boqzaaaaaa
bsqzaaaaaa
hsqzaaaaaa
hqqzaaaaaa
lqqzaaaaaa
lvqzaaaaaa
cvqzaaaaaa
cnqzaaaaaa
rnqzaaaaaa
rcqzaaaaaa
wcqzaaaaaa
wrqzaaaaaa
xrqzaaaaaa
xeqzaaaaaa
ieqzaaaaaa
igqzaaaaaa
tgqzaaaaaa
ttqzaaaaaa
gtqzaaaaaa
gxqzaaaaaa
nxqzaaaaaa
niqzaaaaaa
diqzaaaaaa
dpqzaaaaaa
mpqzaaaaaa
muqzaaaaaa
juqzaaaaaa
jkqzaaaaaa
akqzaaaaaa
ayqzaaaaaa
aymzaaaaaa
vymzaaaaaa
vjmzaaaaaa
wjmzaaaaaa
wamzaaaaaa
yamzaaaaaa
ysmzaaaaaa
psmzaaaaaa
pcmzaaaaaa
ucmzaaaaaa
uvmzaaaaaa
kvmzaaaaaa
kfmzaaaaaa
ifmzaaaaaa
idmzaaaaaa
sdmzaaaaaa
smmzaaaaaa
qmmzaaaaaa
qwmzaaaaaa
rwmzaaaaaa
rzmzaaaaaa
tzmzaaaaaa
tomzaaaaaa
comzaaaaaa
cemzaaaaaa
hemzaaaaaa
hgmzaaaaaa
xgmzaaaaaa
xqmzaaaaaa
zqmzaaaaaa
znmzaaaaaa
onmzaaaaaa
oimzaaaaaa
eimzaaaaaa
ermzaaaaaa
grmzaaaaaa
glmzaaaaaa
flmzaaaaaa
fumzaaaaaa
bumzaaaaaa
btmzaaaaaa
ltmzaaaaaa
lxmzaaaaaa
jxmzaaaaaa
jhmzaaaaaa
mhmzaaaaaa
mbmzaaaaaa
dbmzaaaaaa
dkmzaaaaaa
dkjzaaaaaa
kkjzaaaaaa
khjzaaaaaa
yhjzaaaaaa
yljzaaaaaa
pljzaaaaaa
pzjzaaaaaa
uzjzaaaaaa
uojzaaaaaa
xojzaaaaaa
xajzaaaaaa
hajzaaaaaa
hcjzaaaaaa
lcjzaaaaaa
lmjzaaaaaa
zmjzaaaaaa
zjjzaaaaaa
ojjzaaaaaa
odjzaaaaaa
wdjzaaaaaa
wgjzaaaaaa
qgjzaaaaaa
qnjzaaaaaa
vnjzaaaaaa
vijzaaaaaa
fijzaaaaaa
frjzaaaaaa
brjzaaaaaa
bwjzaaaaaa
iwjzaaaaaa
iqjzaaaaaa
tqjzaaaaaa
tvjzaaaaaa
gvjzaaaaaa
gfjzaaaaaa
rfjzaaaaaa
rbjzaaaaaa
ebjzaaaaaa
etjzaaaaaa
ctjzaaaaaa
cxjzaaaaaa
mxjzaaaaaa
mejzaaaaaa
aejzaaaaaa
asjzaaaaaa
jsjzaaaaaa
jpjzaaaaaa
npjzaaaaaa
nujzaaaaaa
sujzaaaaaa
syjzaaaaaa
sydzaaaaaa
pydzaaaaaa
pbdzaaaaaa
ubdzaaaaaa
uhdzaaaaaa
chdzaaaaaa
cadzaaaaaa
vadzaaaaaa
vddzaaaaaa
fddzaaaaaa
fmdzaaaaaa
kmdzaaaaaa
ksdzaaaaaa
rsdzaaaaaa
rqdzaaaaaa
yqdzaaaaaa
yvdzaaaaaa
zvdzaaaaaa
zwdzaaaaaa
owdzaaaaaa
ocdzaaaaaa
tcdzaaaaaa
trdzaaaaaa
qrdzaaaaaa
qedzaaaaaa
nedzaaaaaa
nzdzaaaaaa
wzdzaaaaaa
wodzaaaaaa
iodzaaaaaa
indzaaaaaa
hndzaaaaaa
hidzaaaaaa
lidzaaaaaa
ljdzaaaaaa
xjdzaaaaaa
xfdzaaaaaa
jfdzaaaaaa
jgdzaaaaaa
egdzaaaaaa
eldzaaaaaa
dldzaaaaaa
dxdzaaaaaa
bxdzaaaaaa
bpdzaaaaaa
gpdzaaaaaa
gkdzaaaaaa
mkdzaaaaaa
mtdzaaaaaa
atdzaaaaaa
audzaaaaaa
auvzaaaaaa
kuvzaaaaaa
kwvzaaaaaa
pwvzaaaaaa
pevzaaaaaa
sevzaaaaaa
srvzaaaaaa
urvzaaaaaa
ulvzaaaaaa
ilvzaaaaaa
iavzaaaaaa
favzaaaaaa
fgvzaaaaaa
bgvzaaaaaa
bmvzaaaaaa
hmvzaaaaaa
hjvzaaaaaa
yjvzaaaaaa
ynvzaaaaaa
xnvzaaaaaa
xdvzaaaaaa
rdvzaaaaaa
rhvzaaaaaa
whvzaaaaaa
wtvzaaaaaa
qtvzaaaaaa
qzvzaaaaaa
lzvzaaaaaa
lovzaaaaaa
vovzaaaaaa
vsvzaaaaaa
csvzaaaaaa
cqvzaaaaaa
nqvzaaaaaa
ncvzaaaaaa
zcvzaaaaaa
zyvzaaaaaa
oyvzaaaaaa
ovvzaaaaaa
mvvzaaaaaa
mfvzaaaaaa
tfvzaaaaaa
tbvzaaaaaa
gbvzaaaaaa
gbrzaaaaaa
zbrzaaaaaa
zurzaaaaaa
ourzaaaaaa
okrzaaaaaa
skrzaaaaaa
sprzaaaaaa
qprzaaaaaa
qxrzaaaaaa
vxrzaaaaaa
vcrzaaaaaa
jcrzaaaaaa
jorzaaaaaa
aorzaaaaaa
awrzaaaaaa
dwrzaaaaaa
dqrzaaaaaa
mqrzaaaaaa
mrrzaaaaaa
crrzaaaaaa
cfrzaaaaaa
nfrzaaaaaa
nyrzaaaaaa
wyrzaaaaaa
wirzaaaaaa
iirzaaaaaa
itrzaaaaaa
rtrzaaaaaa
rlrzaaaaaa
blrzaaaaaa
bzrzaaaaaa
ezrzaaaaaa
esrzaaaaaa
lsrzaaaaaa
lgrzaaaaaa
ugrzaaaaaa
unrzaaaaaa
knrzaaaaaa
kerzaaaaaa
terzaaaaaa
thrzaaaaaa
xhrzaaaaaa
xmrzaaaaaa
ymrzaaaaaa
ymazaaaaaa
cmazaaaaaa
cdazaaaaaa
udazaaaaaa
ueazaaaaaa
weazaaaaaa
wbazaaaaaa
kbazaaaaaa
klazaaaaaa
tlazaaaaaa
tiazaaaaaa
piazaaaaaa
poazaaaaaa
hoazaaaaaa
hwazaaaaaa
lwazaaaaaa
laazaaaaaa
eaazaaaaaa
evazaaaaaa
xvazaaaaaa
xxazaaaaaa
oxazaaaaaa
ogazaaaaaa
sgazaaaaaa
snazaaaaaa
gnazaaaaaa
ghazaaaaaa
vhazaaaaaa
vpazaaaaaa
fpazaaaaaa
fjazaaaaaa
bjazaaaaaa
bqazaaaaaa
aqazaaaaaa
acazaaaaaa
dcazaaaaaa
drazaaaaaa
zrazaaaaaa
zzazaaaaaa
izazaaaaaa
ikazaaaaaa
qkazaaaaaa
qyazaaaaaa
jyazaaaaaa
jtazaaaaaa
ntazaaaaaa
nsazaaaaaa
msazaaaaaa
msyzaaaaaa
dsyzaaaaaa
dhyzaaaaaa
ehyzaaaaaa
euyzaaaaaa
vuyzaaaaaa
vkyzaaaaaa
fkyzaaaaaa
fyyzaaaaaa
byyzaaaaaa
beyzaaaaaa
reyzaaaaaa
rxyzaaaaaa
wxyzaaaaaa
wvyzaaaaaa
avyzaaaaaa
afyzaaaaaa
sfyzaaaaaa
scyzaaaaaa
qcyzaaaaaa
qiyzaaaaaa
jiyzaaaaaa
jlyzaaaaaa
nlyzaaaaaa
noyzaaaaaa
yoyzaaaaaa
ypyzaaaaaa
cpyzaaaaaa
cwyzaaaaaa
gwyzaaaaaa
gqyzaaaaaa
kqyzaaaaaa
kryzaaaaaa
lryzaaaaaa
lbyzaaaaaa
hbyzaaaaaa
htyzaaaaaa
otyzaaaaaa
ozyzaaaaaa
xzyzaaaaaa
xzgzaaaaaa
czgzaaaaaa
cjgzaaaaaa
rjgzaaaaaa
ragzaaaaaa
sagzaaaaaa
slgzaaaaaa
algzaaaaaa
adgzaaaaaa
qdgzaaaaaa
qogzaaaaaa
kogzaaaaaa
kggzaaaaaa
yggzaaaaaa
yegzaaaaaa
legzaaaaaa
lygzaaaaaa
uygzaaaaaa
uqgzaaaaaa
oqgzaaaaaa
omgzaaaaaa
imgzaaaaaa
ibgzaaaaaa
vbgzaaaaaa
vrgzaaaaaa
prgzaaaaaa
pngzaaaaaa
tngzaaaaaa
tugzaaaaaa
wugzaaaaaa
wsgzaaaaaa
fsgzaaaaaa
fwgzaaaaaa
nwgzaaaaaa
nvgzaaaaaa
hvgzaaaaaa
hfgzaaaaaa
dfgzaaaaaa
dtgzaaaaaa
ztgzaaaaaa
zhgzaaaaaa
bhgzaaaaaa
bkgzaaaaaa
ekgzaaaaaa
exgzaaaaaa
exzzaaaaaa
yxzzaaaaaa
yrzzaaaaaa
irzzaaaaaa
iszzaaaaaa
uszzaaaaaa
uazzaaaaaa
tazzaaaaaa
tdzzaaaaaa
zdzzaaaaaa
zezzaaaaaa
oezzaaaaaa
ohzzaaaaaa
phzzaaaaaa
pjzzaaaaaa
qjzzaaaaaa
qqzzaaaaaa
vqzzaaaaaa
vmzzaaaaaa
wmzzaaaaaa
wnzzaaaaaa
bnzzaaaaaa
bvzzaaaaaa
rvzzaaaaaa
rgzzaaaaaa
agzzaaaaaa
abzzaaaaaa
cbzzaaaaaa
ckzzaaaaaa
nkzzaaaaaa
nkkzaaaaaa
rkkzaaaaaa
rykzaaaaaa
dykzaaaaaa
dvkzaaaaaa
jvkzaaaaaa
jwkzaaaaaa
swkzaaaaaa
sxkzaaaaaa
axkzaaaaaa
ahkzaaaaaa
ihkzaaaaaa
ipkzaaaaaa
tpkzaaaaaa
tmkzaaaaaa
emkzaaaaaa
eokzaaaaaa
gokzaaaaaa
gskzaaaaaa
zskzaaaaaa
zikzaaaaaa
mikzaaaaaa
mnkzaaaaaa
lnkzaaaaaa
lfkzaaaaaa
qfkzaaaaaa
qbkzaaaaaa
xbkzaaaaaa
xukzaaaaaa
cukzaaaaaa
clkzaaaaaa
olkzaaaaaa
orkzaaaaaa
hrkzaaaaaa
hzkzaaaaaa
hzpzaaaaaa
mzpzaaaaaa
mcpzaaaaaa
ecpzaaaaaa
eypzaaaaaa
cypzaaaaaa
cipzaaaaaa
ripzaaaaaa
rppzaaaaaa
wppzaaaaaa
wkpzaaaaaa
ukpzaaaaaa
uwpzaaaaaa
vwpzaaaaaa
vgpzaaaaaa
dgpzaaaaaa
dupzaaaaaa
gupzaaaaaa
gepzaaaaaa
jepzaaaaaa
jqpzaaaaaa
pqpzaaaaaa
pvpzaaaaaa
ivpzaaaaaa
ixpzaaaaaa
zxpzaaaaaa
zlpzaaaaaa
xlpzaaaaaa
xtpzaaaaaa
stpzaaaaaa
sopzaaaaaa
oopzaaaaaa
ospzaaaaaa
qspzaaaaaa
qapzaaaaaa
bapzaaaaaa
bbpzaaaaaa
fbpzaaaaaa
ffpzaaaaaa
yfpzaaaaaa
yfczaaaaaa
ufczaaaaaa
utczaaaaaa
ktczaaaaaa
kdczaaaaaa
hdczaaaaaa
hyczaaaaaa
tyczaaaaaa
tjczaaaaaa
ijczaaaaaa
iuczaaaaaa
ruczaaaaaa
rmczaaaaaa
amczaaaaaa
arczaaaaaa
jrczaaaaaa
jnczaaaaaa
fnczaaaaaa
fcczaaaaaa
xcczaaaaaa
xsczaaaaaa
ssczaaaaaa
sqczaaaaaa
wqczaaaaaa
wlczaaaaaa
llczaaaaaa
lpczaaaaaa
zpczaaaaaa
zkczaaaaaa
pkczaaaaaa
pgczaaaaaa
cgczaaaaaa
cguzaaaaaa
nguzaaaaaa
nruzaaaaaa
rruzaaaaaa
rouzaaaaaa
douzaaaaaa
dduzaaaaaa
mduzaaaaaa
mluzaaaaaa
hluzaaaaaa
hkuzaaaaaa
tkuzaaaaaa
txuzaaaaaa
fxuzaaaaaa
ftuzaaaaaa
ptuzaaaaaa
puuzaaaaaa
luuzaaaaaa
lhuzaaaaaa
lhpzaaaaaa
ldpzaaaaaa
ndpzaaaaaa
nmpzaaaaaa
nmhzaaaaaa
dmhzaaaaaa
dzhzaaaaaa
gzhzaaaaaa
gchzaaaaaa
bchzaaaaaa
bihzaaaaaa
aihzaaaaaa
ajhzaaaaaa
jjhzaaaaaa
jahzaaaaaa
mahzaaaaaa
myhzaaaaaa
iyhzaaaaaa
iyozaaaaaa
kyozaaaaaa
kxozaaaaaa
hxozaaaaaa
hhozaaaaaa
fhozaaaaaa
fvozaaaaaa
svozaaaaaa
sjozaaaaaa
njozaaaaaa
naozaaaaaa
oaozaaaaaa
oaczaaaaaa
daczaaaaaa
deczaaaaaa
eeczaaaaaa
eenzaaaaaa
fenzaaaaaa
fqnzaaaaaa
fqezaaaaaa
eqezaaaaaa
ejezaaaaaa
gjezaaaaaa
gaezaaaaaa
paezaaaaaa
pfezaaaaaa
wfezaaaaaa
wwezaaaaaa
xwezaaaaaa
xyezaaaaaa
yyezaaaaaa
yzezaaaaaa
kzezaaaaaa
kcezaaaaaa
ccezaaaaaa
ccizaaaaaa
icizaaaaaa
icnzaaaaaa
ycnzaaaaaa
ybnzaaaaaa
nbnzaaaaaa
nhnzaaaaaa
nhbzaaaaaa
nnbzaaaaaa
anbzaaaaaa
azbzaaaaaa
jzbzaaaaaa
jmbzaaaaaa
gmbzaaaaaa
gdbzaaaaaa
edbzaaaaaa
efbzaaaaaa
vfbzaaaaaa
vvbzaaaaaa
qvbzaaaaaa
qubzaaaaaa
uubzaaaaaa
uibzaaaaaa
sibzaaaaaa
sixzaaaaaa
xixzaaaaaa
xpxzaaaaaa
epxzaaaaaa
enxzaaaaaa
dnxzaaaaaa
djxzaaaaaa
mjxzaaaaaa
mmxzaaaaaa
mmlzaaaaaa
molzaaaaaa
zolzaaaaaa
zglzaaaaaa
zgyzaaaaaa
zgymaaaaaa
ugymaaaaaa
ujymaaaaaa
kjymaaaaaa
kaymaaaaaa
yaymaaaaaa
ydymaaaaaa
pdymaaaaaa
pmymaaaaaa
lmymaaaaaa
lvymaaaaaa
cvymaaaaaa
cfymaaaaaa
ofymaaaaaa
obymaaaaaa
sbymaaaaaa
shymaaaaaa
qhymaaaaaa
qlymaaaaaa
vlymaaaaaa
vzymaaaaaa
fzymaaaaaa
foymaaaaaa
boymaaaaaa
bsymaaaaaa
hsymaaaaaa
hqymaaaaaa
wqymaaaaaa
wrymaaaaaa
xrymaaaaaa
xwymaaaaaa
rwymaaaaaa
rcymaaaaaa
tcymaaaaaa
tnymaaaaaa
inymaaaaaa
ieymaaaaaa
neymaaaaaa
niymaaaaaa
eiymaaaaaa
etymaaaaaa
gtymaaaaaa
gxymaaaaaa
jxymaaaaaa
jkymaaaaaa
akymaaaaaa
ayymaaaaaa
dyymaaaaaa
dpymaaaaaa
mpymaaaaaa
muymaaaaaa
muhmaaaaaa
yuhmaaaaaa
ylhmaaaaaa
plhmaaaaaa
pzhmaaaaaa
uzhmaaaaaa
uohmaaaaaa
kohmaaaaaa
kshmaaaaaa
rshmaaaaaa
rdhmaaaaaa
ldhmaaaaaa
lrhmaaaaaa
zrhmaaaaaa
zjhmaaaaaa
ojhmaaaaaa
oahmaaaaaa
sahmaaaaaa
smhmaaaaaa
qmhmaaaaaa
qwhmaaaaaa
vwhmaaaaaa
vchmaaaaaa
fchmaaaaaa
fghmaaaaaa
bghmaaaaaa
bnhmaaaaaa
hnhmaaaaaa
hehmaaaaaa
wehmaaaaaa
wvhmaaaaaa
xvhmaaaaaa
xfhmaaaaaa
ifhmaaaaaa
ibhmaaaaaa
tbhmaaaaaa
thhmaaaaaa
chhmaaaaaa
cxhmaaaaaa
nxhmaaaaaa
nkhmaaaaaa
ekhmaaaaaa
eyhmaaaaaa
gyhmaaaaaa
gqhmaaaaaa
aqhmaaaaaa
athmaaaaaa
jthmaaaaaa
jphmaaaaaa
jpdmaaaaaa
ppdmaaaaaa
pcdmaaaaaa
ucdmaaaaaa
urdmaaaaaa
krdmaaaaaa
kldmaaaaaa
rldmaaaaaa
rzdmaaaaaa
tzdmaaaaaa
tmdmaaaaaa
cmdmaaaaaa
cjdmaaaaaa
hjdmaaaaaa
hadmaaaaaa
ladmaaaaaa
lgdmaaaaaa
xgdmaaaaaa
xndmaaaaaa
ondmaaaaaa
oedmaaaaaa
sedmaaaaaa
sddmaaaaaa
qddmaaaaaa
qydmaaaaaa
vydmaaaaaa
vodmaaaaaa
eodmaaaaaa
esdmaaaaaa
ysdmaaaaaa
ywdmaaaaaa
iwdmaaaaaa
iqdmaaaaaa
zqdmaaaaaa
zfdmaaaaaa
gfdmaaaaaa
gvdmaaaaaa
nvdmaaaaaa
nbdmaaaaaa
wbdmaaaaaa
whdmaaaaaa
dhdmaaaaaa
dkdmaaaaaa
fkdmaaaaaa
fidmaaaaaa
bidmaaaaaa
btdmaaaaaa
btsmaaaaaa
ptsmaaaaaa
pqsmaaaaaa
uqsmaaaaaa
uvsmaaaaaa
kvsmaaaaaa
kfsmaaaaaa
yfsmaaaaaa
ycsmaaaaaa
scsmaaaaaa
srsmaaaaaa
qrsmaaaaaa
qjsmaaaaaa
vjsmaaaaaa
vasmaaaaaa
fasmaaaaaa
fdsmaaaaaa
cdsmaaaaaa
cssmaaaaaa
tssmaaaaaa
tesmaaaaaa
lesmaaaaaa
lnsmaaaaaa
znsmaaaaaa
zwsmaaaaaa
owsmaaaaaa
omsmaaaaaa
wmsmaaaaaa
wgsmaaaaaa
igsmaaaaaa
ilsmaaaaaa
nlsmaaaaaa
nzsmaaaaaa
xzsmaaaaaa
xosmaaaaaa
hosmaaaaaa
hxsmaaaaaa
rxsmaaaaaa
rismaaaaaa
aismaaaaaa
absmaaaaaa
gbsmaaaaaa
gpsmaaaaaa
epsmaaaaaa
ehsmaaaaaa
jhsmaaaaaa
jusmaaaaaa
dusmaaaaaa
durmaaaaaa
curmaaaaaa
cwrmaaaaaa
jwrmaaaaaa
jbrmaaaaaa
ebrmaaaaaa
errmaaaaaa
grrmaaaaaa
glrmaaaaaa
mlrmaaaaaa
mzrmaaaaaa
wzrmaaaaaa
wkrmaaaaaa
bkrmaaaaaa
byrmaaaaaa
hyrmaaaaaa
hprmaaaaaa
lprmaaaaaa
lirmaaaaaa
zirmaaaaaa
ztrmaaaaaa
otrmaaaaaa
ocrmaaaaaa
ncrmaaaaaa
nhrmaaaaaa
vhrmaaaaaa
vermaaaaaa
rermaaaaaa
rormaaaaaa
pormaaaaaa
psrmaaaaaa
fsrmaaaaaa
fxrmaaaaaa
txrmaaaaaa
tqrmaaaaaa
xqrmaaaaaa
xjrmaaaaaa
ajrmaaaaaa
afrmaaaaaa
sfrmaaaaaa
sgrmaaaaaa
qgrmaaaaaa
qnrmaaaaaa
ynrmaaaaaa
yvrmaaaaaa
ivrmaaaaaa
iarmaaaaaa
uarmaaaaaa
udrmaaaaaa
kdrmaaaaaa
kmrmaaaaaa
kmkmaaaaaa
amkmaaaaaa
avkmaaaaaa
zvkmaaaaaa
zpkmaaaaaa
opkmaaaaaa
oukmaaaaaa
sukmaaaaaa
skkmaaaaaa
qkkmaaaaaa
qtkmaaaaaa
dtkmaaaaaa
dzkmaaaaaa
jzkmaaaaaa
jrkmaaaaaa
brkmaaaaaa
bwkmaaaaaa
hwkmaaaaaa
hckmaaaaaa
lckmaaaaaa
lqkmaaaaaa
mqkmaaaaaa
mfkmaaaaaa
rfkmaaaaaa
rbkmaaaaaa
vbkmaaaaaa
vikmaaaaaa
cikmaaaaaa
cekmaaaaaa
gekmaaaaaa
ggkmaaaaaa
ngkmaaaaaa
nokmaaaaaa
iokmaaaaaa
iykmaaaaaa
tykmaaaaaa
tdkmaaaaaa
wdkmaaaaaa
wnkmaaaaaa
enkmaaaaaa
ejkmaaaaaa
fjkmaaaaaa
fhkmaaaaaa
xhkmaaaaaa
xlkmaaaaaa
ulkmaaaaaa
uxkmaaaaaa
yxkmaaaaaa
yxamaaaaaa
pxamaaaaaa
pbamaaaaaa
ubamaaaaaa
uhamaaaaaa
khamaaaaaa
kwamaaaaaa
twamaaaaaa
taamaaaaaa
waamaaaaaa
woamaaaaaa
coamaaaaaa
cnamaaaaaa
rnamaaaaaa
rjamaaaaaa
ljamaaaaaa
lfamaaaaaa
vfamaaaaaa
vdamaaaaaa
odamaaaaaa
oiamaaaaaa
siamaaaaaa
slamaaaaaa
jlamaaaaaa
jeamaaaaaa
qeamaaaaaa
qzamaaaaaa
bzamaaaaaa
bmamaaaaaa
xmamaaaaaa
xsamaaaaaa
isamaaaaaa
icamaaaaaa
zcamaaaaaa
zyamaaaaaa
fyamaaaaaa
fvamaaaaaa
mvamaaaaaa
mgamaaaaaa
egamaaaaaa
eqamaaaaaa
nqamaaaaaa
nuamaaaaaa
auamaaaaaa
apamaaaaaa
apomaaaaaa
kpomaaaaaa
knomaaaaaa
pnomaaaaaa
peomaaaaaa
xeomaaaaaa
xtomaaaaaa
utomaaaaaa
ufomaaaaaa
tfomaaaaaa
tgomaaaaaa
ygomaaaaaa
yhomaaaaaa
ihomaaaaaa
imomaaaaaa
vmomaaaaaa
vuomaaaaaa
fuomaaaaaa
fromaaaaaa
cromaaaaaa
cqomaaaaaa
rqomaaaaaa
rvomaaaaaa
hvomaaaaaa
hbomaaaaaa
zbomaaaaaa
zaomaaaaaa
qaomaaaaaa
qcomaaaaaa
wcomaaaaaa
wjomaaaaaa
gjomaaaaaa
gwomaaaaaa
nwomaaaaaa
ndomaaaaaa
bdomaaaaaa
bxomaaaaaa
dxomaaaaaa
dsomaaaaaa
lsomaaaaaa
lyomaaaaaa
jyomaaaaaa
joomaaaaaa
ooomaaaaaa
ozomaaaaaa
szomaaaaaa
szumaaaaaa
hzumaaaaaa
hiumaaaaaa
wiumaaaaaa
wyumaaaaaa
myumaaaaaa
mwumaaaaaa
dwumaaaaaa
dbumaaaaaa
qbumaaaaaa
quumaaaaaa
euumaaaaaa
elumaaaaaa
tlumaaaaaa
tpumaaaaaa
fpumaaaaaa
fnumaaaaaa
jnumaaaaaa
jsumaaaaaa
asumaaaaaa
acumaaaaaa
xcumaaaaaa
xkumaaaaaa
zkumaaaaaa
zxumaaaaaa
oxumaaaaaa
ohumaaaaaa
ghumaaaaaa
gaumaaaaaa
caumaaaaaa
ctumaaaaaa
vtumaaaaaa
vgumaaaaaa
pgumaaaaaa
prumaaaaaa
irumaaaaaa
ijumaaaaaa
bjumaaaaaa
bqumaaaaaa
kqumaaaaaa
keumaaaaaa
ueumaaaaaa
umumaaaaaa
rmumaaaaaa
rmwmaaaaaa
hmwmaaaaaa
hgwmaaaaaa
kgwmaaaaaa
ktwmaaaaaa
ytwmaaaaaa
yewmaaaaaa
zewmaaaaaa
zdwmaaaaaa
xdwmaaaaaa
xbwmaaaaaa
cbwmaaaaaa
clwmaaaaaa
flwmaaaaaa
fwwmaaaaaa
wwwmaaaaaa
wswmaaaaaa
uswmaaaaaa
unwmaaaaaa
nnwmaaaaaa
njwmaaaaaa
tjwmaaaaaa
tvwmaaaaaa
pvwmaaaaaa
pfwmaaaaaa
dfwmaaaaaa
dcwmaaaaaa
ecwmaaaaaa
eawmaaaaaa
mawmaaaaaa
mhwmaaaaaa
ahwmaaaaaa
azwmaaaaaa
izwmaaaaaa
ipwmaaaaaa
bpwmaaaaaa
buwmaaaaaa
luwmaaaaaa
lkwmaaaaaa
okwmaaaaaa
orwmaaaaaa
vrwmaaaaaa
vxwmaaaaaa
sxwmaaaaaa
sowmaaaaaa
qowmaaaaaa
qiwmaaaaaa
giwmaaaaaa
gipmaaaaaa
mipmaaaaaa
mkpmaaaaaa
rkpmaaaaaa
rypmaaaaaa
sypmaaaaaa
sppmaaaaaa
qppmaaaaaa
qxpmaaaaaa
axpmaaaaaa
alpmaaaaaa
wlpmaaaaaa
wtpmaaaaaa
ftpmaaaaaa
fqpmaaaaaa
dqpmaaaaaa
dvpmaaaaaa
ovpmaaaaaa
ogpmaaaaaa
jgpmaaaaaa
jfpmaaaaaa
nfpmaaaaaa
napmaaaaaa
papmaaaaaa
phpmaaaaaa
hhpmaaaaaa
hupmaaaaaa
tupmaaaaaa
topmaaaaaa
zopmaaaaaa
zzpmaaaaaa
czpmaaaaaa
ccpmaaaaaa
bcpmaaaaaa
bepmaaaaaa
eepmaaaaaa
edpmaaaaaa
idpmaaaaaa
idgmaaaaaa
hdgmaaaaaa
hkgmaaaaaa
ukgmaaaaaa
uigmaaaaaa
kigmaaaaaa
kbgmaaaaaa
ybgmaaaaaa
ymgmaaaaaa
zmgmaaaaaa
zlgmaaaaaa
olgmaaaaaa
osgmaaaaaa
qsgmaaaaaa
qqgmaaaaaa
vqgmaaaaaa
vngmaaaaaa
dngmaaaaaa
dogmaaaaaa
gogmaaaaaa
gugmaaaaaa
rugmaaaaaa
rggmaaaaaa
aggmaaaaaa
argmaaaaaa
trgmaaaaaa
ttgmaaaaaa
stgmaaaaaa
sjgmaaaaaa
jjgmaaaaaa
jagmaaaaaa
xagmaaaaaa
xxgmaaaaaa
lxgmaaaaaa
lzgmaaaaaa
ezgmaaaaaa
efgmaaaaaa
bfgmaaaaaa
bvgmaaaaaa
bvqmaaaaaa
evqmaaaaaa
emqmaaaaaa
gmqmaaaaaa
gnqmaaaaaa
snqmaaaaaa
sqqmaaaaaa
yqqmaaaaaa
yrqmaaaaaa
drqmaaaaaa
dlqmaaaaaa
llqmaaaaaa
loqmaaaaaa
moqmaaaaaa
mdqmaaaaaa
adqmaaaaaa
awqmaaaaaa
pwqmaaaaaa
pjqmaaaaaa
pjvmaaaaaa
djvmaaaaaa
davmaaaaaa
ravmaaaaaa
rrvmaaaaaa
hrvmaaaaaa
hlvmaaaaaa
blvmaaaaaa
bhvmaaaaaa
lhvmaaaaaa
lbvmaaaaaa
fbvmaaaaaa
fmvmaaaaaa
jmvmaaaaaa
jqvmaaaaaa
oqvmaaaaaa
oqlmaaaaaa
oylmaaaaaa
nylmaaaaaa
nplmaaaaaa
cplmaaaaaa
cklmaaaaaa
gklmaaaaaa
gclmaaaaaa
jclmaaaaaa
jvlmaaaaaa
svlmaaaaaa
swlmaaaaaa
ewlmaaaaaa
exlmaaaaaa
wxlmaaaaaa
wulmaaaaaa
iulmaaaaaa
itlmaaaaaa
rtlmaaaaaa
rhlmaaaaaa
zhlmaaaaaa
zslmaaaaaa
mslmaaaaaa
mjlmaaaaaa
yjlmaaaaaa
yilmaaaaaa
dilmaaaaaa
ddlmaaaaaa
ddfmaaaaaa
jdfmaaaaaa
jifmaaaaaa
xifmaaaaaa
xyfmaaaaaa
cyfmaaaaaa
cgfmaaaaaa
cgzmaaaaaa
dgzmaaaaaa
dezmaaaaaa
aezmaaaaaa
aozmaaaaaa
yozmaaaaaa
ypzmaaaaaa
wpzmaaaaaa
wfzmaaaaaa
ffzmaaaaaa
ffnmaaaaaa
hfnmaaaaaa
htnmaaaaaa
ltnmaaaaaa
lwnmaaaaaa
uwnmaaaaaa
uunmaaaaaa
kunmaaaaaa
kxnmaaaaaa
ixnmaaaaaa
iinmaaaaaa
pinmaaaaaa
pknmaaaaaa
vknmaaaaaa
vvnmaaaaaa
qvnmaaaaaa
qvfmaaaaaa
qffmaaaaaa
qfimaaaaaa
qfivaaaaaa
yfivaaaaaa
ydivaaaaaa
pdivaaaaaa
pmivaaaaaa
umivaaaaaa
ujivaaaaaa
kjivaaaaaa
kaivaaaaaa
vaivaaaaaa
vzivaaaaaa
fzivaaaaaa
foivaaaaaa
boivaaaaaa
bsivaaaaaa
hsivaaaaaa
hqivaaaaaa
lqivaaaaaa
lvivaaaaaa
zvivaaaaaa
zwivaaaaaa
owivaaaaaa
obivaaaaaa
sbivaaaaaa
shivaaaaaa
chivaaaaaa
clivaaaaaa
rlivaaaaaa
rcivaaaaaa
wcivaaaaaa
wrivaaaaaa
xrivaaaaaa
xnivaaaaaa
inivaaaaaa
ieivaaaaaa
teivaaaaaa
tgivaaaaaa
ggivaaaaaa
gxivaaaaaa
nxivaaaaaa
niivaaaaaa
eiivaaaaaa
etivaaaaaa
dtivaaaaaa
dpivaaaaaa
mpivaaaaaa
muivaaaaaa
juivaaaaaa
jkivaaaaaa
akivaaaaaa
ayivaaaaaa
aycvaaaaaa
uycvaaaaaa
uvcvaaaaaa
kvcvaaaaaa
kfcvaaaaaa
ofcvaaaaaa
odcvaaaaaa
sdcvaaaaaa
smcvaaaaaa
qmcvaaaaaa
qjcvaaaaaa
vjcvaaaaaa
vccvaaaaaa
yccvaaaaaa
yocvaaaaaa
pocvaaaaaa
pscvaaaaaa
rscvaaaaaa
rqcvaaaaaa
tqcvaaaaaa
tacvaaaaaa
zacvaaaaaa
zncvaaaaaa
nncvaaaaaa
nbcvaaaaaa
wbcvaaaaaa
whcvaaaaaa
xhcvaaaaaa
xlcvaaaaaa
ilcvaaaaaa
izcvaaaaaa
bzcvaaaaaa
brcvaaaaaa
crcvaaaaaa
cwcvaaaaaa
hwcvaaaaaa
hecvaaaaaa
lecvaaaaaa
lgcvaaaaaa
dgcvaaaaaa
dxcvaaaaaa
fxcvaaaaaa
ficvaaaaaa
jicvaaaaaa
jtcvaaaaaa
gtcvaaaaaa
gucvaaaaaa
eucvaaaaaa
epcvaaaaaa
epjvaaaaaa
kpjvaaaaaa
ksjvaaaaaa
ysjvaaaaaa
yqjvaaaaaa
pqjvaaaaaa
pvjvaaaaaa
cvjvaaaaaa
cfjvaaaaaa
zfjvaaaaaa
zbjvaaaaaa
xbjvaaaaaa
xdjvaaaaaa
qdjvaaaaaa
qljvaaaaaa
uljvaaaaaa
ucjvaaaaaa
fcjvaaaaaa
fajvaaaaaa
bajvaaaaaa
bmjvaaaaaa
hmjvaaaaaa
hjjvaaaaaa
ljjvaaaaaa
lrjvaaaaaa
irjvaaaaaa
ixjvaaaaaa
oxjvaaaaaa
oejvaaaaaa
sejvaaaaaa
sgjvaaaaaa
vgjvaaaaaa
vwjvaaaaaa
rwjvaaaaaa
rzjvaaaaaa
wzjvaaaaaa
wojvaaaaaa
dojvaaaaaa
dnjvaaaaaa
tnjvaaaaaa
tijvaaaaaa
gijvaaaaaa
gkjvaaaaaa
mkjvaaaaaa
myjvaaaaaa
nyjvaaaaaa
nhjvaaaaaa
ahjvaaaaaa
atjvaaaaaa
atavaaaaaa
ytavaaaaaa
yzavaaaaaa
pzavaaaaaa
pravaaaaaa
uravaaaaaa
usavaaaaaa
tsavaaaaaa
tcavaaaaaa
lcavaaaaaa
ldavaaaaaa
zdavaaaaaa
zmavaaaaaa
omavaaaaaa
ojavaaaaaa
sjavaaaaaa
saavaaaaaa
qaavaaaaaa
qwavaaaaaa
iwavaaaaaa
igavaaaaaa
fgavaaaaaa
fnavaaaaaa
knavaaaaaa
keavaaaaaa
reavaaaaaa
rvavaaaaaa
wvavaaaaaa
wqavaaaaaa
cqavaaaaaa
cbavaaaaaa
jbavaaaaaa
jfavaaaaaa
xfavaaaaaa
xyavaaaaaa
vyavaaaaaa
vxavaaaaaa
mxavaaaaaa
mlavaaaaaa
blavaaaaaa
bkavaaaaaa
hkavaaaaaa
huavaaaaaa
duavaaaaaa
diavaaaaaa
dirvaaaaaa
kirvaaaaaa
kwrvaaaaaa
ywrvaaaaaa
ybrvaaaaaa
pbrvaaaaaa
phrvaaaaaa
uhrvaaaaaa
uervaaaaaa
qervaaaaaa
qzrvaaaaaa
tzrvaaaaaa
tdrvaaaaaa
bdrvaaaaaa
bjrvaaaaaa
rjrvaaaaaa
rarvaaaaaa
larvaaaaaa
lnrvaaaaaa
cnrvaaaaaa
cmrvaaaaaa
imrvaaaaaa
icrvaaaaaa
scrvaaaaaa
srrvaaaaaa
vrrvaaaaaa
vlrvaaaaaa
flrvaaaaaa
fyrvaaaaaa
eyrvaaaaaa
eorvaaaaaa
xorvaaaaaa
xsrvaaaaaa
nsrvaaaaaa
nqrvaaaaaa
zqrvaaaaaa
zgrvaaaaaa
ogrvaaaaaa
ovrvaaaaaa
mvrvaaaaaa
mfrvaaaaaa
wfrvaaaaaa
wtrvaaaaaa
htrvaaaaaa
hxrvaaaaaa
jxrvaaaaaa
jprvaaaaaa
aprvaaaaaa
aurvaaaaaa
ausvaaaaaa
yusvaaaaaa
ymsvaaaaaa
tmsvaaaaaa
tvsvaaaaaa
xvsvaaaaaa
xjsvaaaaaa
ijsvaaaaaa
iasvaaaaaa
wasvaaaaaa
wdsvaaaaaa
vdsvaaaaaa
vnsvaaaaaa
unsvaaaaaa
uzsvaaaaaa
kzsvaaaaaa
kosvaaaaaa
cosvaaaaaa
cesvaaaaaa
pesvaaaaaa
pcsvaaaaaa
hcsvaaaaaa
hrsvaaaaaa
zrsvaaaaaa
zxsvaaaaaa
sxsvaaaaaa
sfsvaaaaaa
efsvaaaaaa
egsvaaaaaa
mgsvaaaaaa
mhsvaaaaaa
rhsvaaaaaa
rksvaaaaaa
fksvaaaaaa
fqsvaaaaaa
bqsvaaaaaa
bwsvaaaaaa
lwsvaaaaaa
lssvaaaaaa
jssvaaaaaa
jlsvaaaaaa
olsvaaaaaa
oysvaaaaaa
dysvaaaaaa
dbsvaaaaaa
qbsvaaaaaa
qtsvaaaaaa
ntsvaaaaaa
npsvaaaaaa
npdvaaaaaa
fpdvaaaaaa
frdvaaaaaa
grdvaaaaaa
gjdvaaaaaa
yjdvaaaaaa
yadvaaaaaa
padvaaaaaa
pgdvaaaaaa
cgdvaaaaaa
cxdvaaaaaa
uxdvaaaaaa
ufdvaaaaaa
tfdvaaaaaa
thdvaaaaaa
qhdvaaaaaa
qndvaaaaaa
rndvaaaaaa
rmdvaaaaaa
wmdvaaaaaa
wsdvaaaaaa
isdvaaaaaa
iddvaaaaaa
hddvaaaaaa
hvdvaaaaaa
evdvaaaaaa
eqdvaaaaaa
kqdvaaaaaa
kbdvaaaaaa
bbdvaaaaaa
bcdvaaaaaa
acdvaaaaaa
aldvaaaaaa
sldvaaaaaa
swdvaaaaaa
mwdvaaaaaa
mzdvaaaaaa
xzdvaaaaaa
xtdvaaaaaa
ltdvaaaaaa
lodvaaaaaa
zodvaaaaaa
zedvaaaaaa
vedvaaaaaa
vudvaaaaaa
oudvaaaaaa
okdvaaaaaa
okbvaaaaaa
pkbvaaaaaa
pjbvaaaaaa
cjbvaaaaaa
cabvaaaaaa
uabvaaaaaa
udbvaaaaaa
kdbvaaaaaa
krbvaaaaaa
drbvaaaaaa
dmbvaaaaaa
lmbvaaaaaa
libvaaaaaa
wibvaaaaaa
wgbvaaaaaa
ygbvaaaaaa
ynbvaaaaaa
snbvaaaaaa
spbvaaaaaa
tpbvaaaaaa
tbbvaaaaaa
ibbvaaaaaa
ihbvaaaaaa
fhbvaaaaaa
febvaaaaaa
xebvaaaaaa
xqbvaaaaaa
mqbvaaaaaa
msbvaaaaaa
vsbvaaaaaa
vtbvaaaaaa
ztbvaaaaaa
zybvaaaaaa
gybvaaaaaa
gfbvaaaaaa
rfbvaaaaaa
rubvaaaaaa
bubvaaaaaa
bvbvaaaaaa
avbvaaaaaa
awbvaaaaaa
nwbvaaaaaa
nzbvaaaaaa
ezbvaaaaaa
exbvaaaaaa
qxbvaaaaaa
qobvaaaaaa
hobvaaaaaa
hlbvaaaaaa
hlmvaaaaaa
zlmvaaaaaa
zjmvaaaaaa
tjmvaaaaaa
tkmvaaaaaa
ykmvaaaaaa
yhmvaaaaaa
vhmvaaaaaa
vpmvaaaaaa
upmvaaaaaa
ugmvaaaaaa
kgmvaaaaaa
ktmvaaaaaa
ctmvaaaaaa
cdmvaaaaaa
rdmvaaaaaa
rimvaaaaaa
ximvaaaaaa
xamvaaaaaa
oamvaaaaaa
ozmvaaaaaa
szmvaaaaaa
symvaaaaaa
pymvaaaaaa
pnmvaaaaaa
gnmvaaaaaa
gwmvaaaaaa
fwmvaaaaaa
fsmvaaaaaa
esmvaaaaaa
emmvaaaaaa
jmmvaaaaaa
jomvaaaaaa
iomvaaaaaa
iqmvaaaaaa
qqmvaaaaaa
qvmvaaaaaa
nvmvaaaaaa
nfmvaaaaaa
dfmvaaaaaa
dcmvaaaaaa
mcmvaaaaaa
mrmvaaaaaa
armvaaaaaa
aemvaaaaaa
bemvaaaaaa
bxmvaaaaaa
wxmvaaaaaa
wumvaaaaaa
lumvaaaaaa
lbmvaaaaaa
lbqvaaaaaa
hbqvaaaaaa
hgqvaaaaaa
xgqvaaaaaa
xmqvaaaaaa
kmqvaaaaaa
kcqvaaaaaa
ocqvaaaaaa
ohqvaaaaaa
ghqvaaaaaa
gdqvaaaaaa
fdqvaaaaaa
fjqvaaaaaa
wjqvaaaaaa
wnqvaaaaaa
bnqvaaaaaa
bpqvaaaaaa
ypqvaaaaaa
yeqvaaaaaa
eeqvaaaaaa
erqvaaaaaa
trqvaaaaaa
twqvaaaaaa
uwqvaaaaaa
uiqvaaaaaa
siqvaaaaaa
stqvaaaaaa
ptqvaaaaaa
plqvaaaaaa
nlqvaaaaaa
naqvaaaaaa
jaqvaaaaaa
jzqvaaaaaa
czqvaaaaaa
csqvaaaaaa
dsqvaaaaaa
dqqvaaaaaa
aqqvaaaaaa
afqvaaaaaa
ifqvaaaaaa
ivqvaaaaaa
ivevaaaaaa
svevaaaaaa
ssevaaaaaa
qsevaaaaaa
quevaaaaaa
kuevaaaaaa
klevaaaaaa
ylevaaaaaa
yrevaaaaaa
orevaaaaaa
onevaaaaaa
hnevaaaaaa
haevaaaaaa
eaevaaaaaa
edevaaaaaa
adevaaaaaa
amevaaaaaa
nmevaaaaaa
ncevaaaaaa
xcevaaaaaa
xxevaaaaaa
pxevaaaaaa
ppevaaaaaa
rpevaaaaaa
rgevaaaaaa
bgevaaaaaa
btevaaaaaa
utevaaaaaa
uoevaaaaaa
toevaaaaaa
tyevaaaaaa
lyevaaaaaa
lfevaaaaaa
vfevaaaaaa
vbevaaaaaa
mbevaaaaaa
mjevaaaaaa
jjevaaaaaa
jhevaaaaaa
zhevaaaaaa
zzevaaaaaa
dzevaaaaaa
deevaaaaaa
weevaaaaaa
wkevaaaaaa
ckevaaaaaa
cievaaaaaa
cigvaaaaaa
pigvaaaaaa
pfgvaaaaaa
ffgvaaaaaa
fvgvaaaaaa
yvgvaaaaaa
yxgvaaaaaa
txgvaaaaaa
tlgvaaaaaa
glgvaaaaaa
gmgvaaaaaa
vmgvaaaaaa
vogvaaaaaa
sogvaaaaaa
skgvaaaaaa
xkgvaaaaaa
xwgvaaaaaa
dwgvaaaaaa
djgvaaaaaa
ejgvaaaaaa
engvaaaaaa
jngvaaaaaa
jdgvaaaaaa
ndgvaaaaaa
negvaaaaaa
megvaaaaaa
mtgvaaaaaa
itgvaaaaaa
iugvaaaaaa
uugvaaaaaa
ubgvaaaaaa
abgvaaaaaa
azgvaaaaaa
hzgvaaaaaa
hpgvaaaaaa
lpgvaaaaaa
lhgvaaaaaa
khgvaaaaaa
kygvaaaaaa
bygvaaaaaa
bypvaaaaaa
jypvaaaaaa
jwpvaaaaaa
ewpvaaaaaa
ekpvaaaaaa
lkpvaaaaaa
lxpvaaaaaa
kxpvaaaaaa
kxzvaaaaaa
axzvaaaaaa
ajzvaaaaaa
njzvaaaaaa
ngzvaaaaaa
qgzvaaaaaa
qrzvaaaaaa
jrzvaaaaaa
jvzvaaaaaa
dvzvaaaaaa
dazvaaaaaa
gazvaaaaaa
gbzvaaaaaa
fbzvaaaaaa
fmzvaaaaaa
mmzvaaaaaa
mozvaaaaaa
oozvaaaaaa
oszvaaaaaa
zszvaaaaaa
zkzvaaaaaa
ikzvaaaaaa
iizvaaaaaa
hizvaaaaaa
hfzvaaaaaa
bfzvaaaaaa
bhzvaaaaaa
ehzvaaaaaa
eczvaaaaaa
cczvaaaaaa
cyzvaaaaaa
yyzvaaaaaa
yyuvaaaaaa
iyuvaaaaaa
ipuvaaaaaa
opuvaaaaaa
oiuvaaaaaa
miuvaaaaaa
mnuvaaaaaa
anuvaaaaaa
aouvaaaaaa
gouvaaaaaa
gzuvaaaaaa
lzuvaaaaaa
lluvaaaaaa
dluvaaaaaa
dkuvaaaaaa
nkuvaaaaaa
nuuvaaaaaa
zuuvaaaaaa
zcuvaaaaaa
jcuvaaaaaa
jeuvaaaaaa
jexvaaaaaa
gexvaaaaaa
gpxvaaaaaa
qpxvaaaaaa
qkxvaaaaaa
vkxvaaaaaa
vixvaaaaaa
bixvaaaaaa
bifvaaaaaa
qifvaaaaaa
qyfvaaaaaa
hyfvaaaaaa
hhfvaaaaaa
dhfvaaaaaa
dhpvaaaaaa
ddpvaaaaaa
mdpvaaaaaa
mapvaaaaaa
aapvaaaaaa
aipvaaaaaa
yipvaaaaaa
yinvaaaaaa
zinvaaaaaa
zpnvaaaaaa
wpnvaaaaaa
wlnvaaaaaa
elnvaaaaaa
ebnvaaaaaa
rbnvaaaaaa
ronvaaaaaa
nonvaaaaaa
nrnvaaaaaa
nrwvaaaaaa
nrwpaaaaaa
mrwpaaaaaa
muwpaaaaaa
juwpaaaaaa
jkwpaaaaaa
akwpaaaaaa
aywpaaaaaa
dywpaaaaaa
dpwpaaaaaa
lpwpaaaaaa
lvwpaaaaaa
zvwpaaaaaa
zfwpaaaaaa
ofwpaaaaaa
obwpaaaaaa
sbwpaaaaaa
shwpaaaaaa
qhwpaaaaaa
qlwpaaaaaa
vlwpaaaaaa
vzwpaaaaaa
fzwpaaaaaa
fowpaaaaaa
bowpaaaaaa
bswpaaaaaa
hswpaaaaaa
hqwpaaaaaa
wqwpaaaaaa
wiwpaaaaaa
ciwpaaaaaa
cwwpaaaaaa
rwwpaaaaaa
rcwpaaaaaa
xcwpaaaaaa
xtwpaaaaaa
etwpaaaaaa
exwpaaaaaa
gxwpaaaaaa
ggwpaaaaaa
ygwpaaaaaa
ydwpaaaaaa
pdwpaaaaaa
pewpaaaaaa
tewpaaaaaa
tnwpaaaaaa
inwpaaaaaa
iawpaaaaaa
uawpaaaaaa
ujwpaaaaaa
kjwpaaaaaa
kmwpaaaaaa
kmhpaaaaaa
amhpaaaaaa
alhpaaaaaa
rlhpaaaaaa
rzhpaaaaaa
wzhpaaaaaa
wuhpaaaaaa
buhpaaaaaa
bkhpaaaaaa
hkhpaaaaaa
hyhpaaaaaa
lyhpaaaaaa
lihpaaaaaa
mihpaaaaaa
mfhpaaaaaa
jfhpaaaaaa
jbhpaaaaaa
dbhpaaaaaa
drhpaaaaaa
qrhpaaaaaa
qphpaaaaaa
vphpaaaaaa
vxhpaaaaaa
fxhpaaaaaa
fthpaaaaaa
cthpaaaaaa
cshpaaaaaa
gshpaaaaaa
gvhpaaaaaa
nvhpaaaaaa
nqhpaaaaaa
zqhpaaaaaa
zwhpaaaaaa
owhpaaaaaa
ochpaaaaaa
schpaaaaaa
snhpaaaaaa
enhpaaaaaa
ehhpaaaaaa
uhhpaaaaaa
ughpaaaaaa
xghpaaaaaa
xohpaaaaaa
yohpaaaaaa
yehpaaaaaa
iehpaaaaaa
idhpaaaaaa
tdhpaaaaaa
tjhpaaaaaa
pjhpaaaaaa
pahpaaaaaa
pabpaaaaaa
mabpaaaaaa
mhbpaaaaaa
jhbpaaaaaa
jlbpaaaaaa
dlbpaaaaaa
dcbpaaaaaa
fcbpaaaaaa
fpbpaaaaaa
bpbpaaaaaa
bwbpaaaaaa
gwbpaaaaaa
gibpaaaaaa
aibpaaaaaa
arbpaaaaaa
zrbpaaaaaa
zubpaaaaaa
oubpaaaaaa
oxbpaaaaaa
sxbpaaaaaa
sybpaaaaaa
qybpaaaaaa
qtbpaaaaaa
rtbpaaaaaa
rgbpaaaaaa
ngbpaaaaaa
nobpaaaaaa
cobpaaaaaa
ckbpaaaaaa
lkbpaaaaaa
lqbpaaaaaa
yqbpaaaaaa
yvbpaaaaaa
evbpaaaaaa
ebbpaaaaaa
ubbpaaaaaa
ufbpaaaaaa
wfbpaaaaaa
wnbpaaaaaa
vnbpaaaaaa
vebpaaaaaa
kebpaaaaaa
kzbpaaaaaa
xzbpaaaaaa
xsbpaaaaaa
isbpaaaaaa
imbpaaaaaa
hmbpaaaaaa
hdbpaaaaaa
hdupaaaaaa
zdupaaaaaa
zyupaaaaaa
oyupaaaaaa
okupaaaaaa
skupaaaaaa
spupaaaaaa
mpupaaaaaa
mtupaaaaaa
jtupaaaaaa
jzupaaaaaa
azupaaaaaa
aaupaaaaaa
daupaaaaaa
dsupaaaaaa
nsupaaaaaa
nxupaaaaaa
lxupaaaaaa
lfupaaaaaa
cfupaaaaaa
cvupaaaaaa
rvupaaaaaa
rbupaaaaaa
wbupaaaaaa
whupaaaaaa
vhupaaaaaa
vwupaaaaaa
qwupaaaaaa
qcupaaaaaa
ecupaaaaaa
erupaaaaaa
brupaaaaaa
bmupaaaaaa
gmupaaaaaa
gqupaaaaaa
xqupaaaaaa
xiupaaaaaa
iiupaaaaaa
ioupaaaaaa
toupaaaaaa
tuupaaaaaa
uuupaaaaaa
unupaaaaaa
knupaaaaaa
klupaaaaaa
ylupaaaaaa
yjupaaaaaa
fjupaaaaaa
feupaaaaaa
fekpaaaaaa
aekpaaaaaa
aqkpaaaaaa
dqkpaaaaaa
dukpaaaaaa
eukpaaaaaa
efkpaaaaaa
gfkpaaaaaa
gkkpaaaaaa
wkkpaaaaaa
wykpaaaaaa
cykpaaaaaa
cpkpaaaaaa
rpkpaaaaaa
rxkpaaaaaa
jxkpaaaaaa
jikpaaaaaa
bikpaaaaaa
btkpaaaaaa
htkpaaaaaa
hvkpaaaaaa
mvkpaaaaaa
mmkpaaaaaa
zmkpaaaaaa
zjkpaaaaaa
ojkpaaaaaa
ohkpaaaaaa
nhkpaaaaaa
nbkpaaaaaa
ibkpaaaaaa
ilkpaaaaaa
llkpaaaaaa
lzkpaaaaaa
pzkpaaaaaa
pokpaaaaaa
uokpaaaaaa
uskpaaaaaa
tskpaaaaaa
tckpaaaaaa
yckpaaaaaa
yrkpaaaaaa
krkpaaaaaa
kakpaaaaaa
sakpaaaaaa
sgkpaaaaaa
qgkpaaaaaa
qnkpaaaaaa
xnkpaaaaaa
xwkpaaaaaa
xwzpaaaaaa
dwzpaaaaaa
dozpaaaaaa
jozpaaaaaa
jszpaaaaaa
rszpaaaaaa
rkzpaaaaaa
ekzpaaaaaa
eyzpaaaaaa
myzpaaaaaa
mxzpaaaaaa
zxzpaaaaaa
zbzpaaaaaa
qbzpaaaaaa
qizpaaaaaa
sizpaaaaaa
slzpaaaaaa
glzpaaaaaa
gpzpaaaaaa
npzpaaaaaa
nuzpaaaaaa
cuzpaaaaaa
cqzpaaaaaa
bqzpaaaaaa
bczpaaaaaa
lczpaaaaaa
lrzpaaaaaa
orzpaaaaaa
otzpaaaaaa
atzpaaaaaa
afzpaaaaaa
kfzpaaaaaa
khzpaaaaaa
ihzpaaaaaa
izzpaaaaaa
tzzpaaaaaa
tgzpaaaaaa
fgzpaaaaaa
fnzpaaaaaa
hnzpaaaaaa
hezpaaaaaa
uezpaaaaaa
uvzpaaaaaa
wvzpaaaaaa
wazpaaaaaa
vazpaaaaaa
vjzpaaaaaa
vjypaaaaaa
djypaaaaaa
diypaaaaaa
piypaaaaaa
puypaaaaaa
ruypaaaaaa
ryypaaaaaa
nyypaaaaaa
nzypaaaaaa
bzypaaaaaa
bxypaaaaaa
hxypaaaaaa
hcypaaaaaa
jcypaaaaaa
jvypaaaaaa
ovypaaaaaa
opypaaaaaa
zpypaaaaaa
zhypaaaaaa
xhypaaaaaa
xkypaaaaaa
qkypaaaaaa
qeypaaaaaa
geypaaaaaa
goypaaaaaa
woypaaaaaa
wtypaaaaaa
itypaaaaaa
iwypaaaaaa
awypaaaaaa
asypaaaaaa
lsypaaaaaa
lnypaaaaaa
cnypaaaaaa
cbypaaaaaa
mbypaaaaaa
mgypaaaaaa
egypaaaaaa
elypaaaaaa
flypaaaaaa
faypaaaaaa
taypaaaaaa
trypaaaaaa
srypaaaaaa
smypaaaaaa
umypaaaaaa
uqypaaaaaa
uqqpaaaaaa
mqqpaaaaaa
mnqpaaaaaa
znqpaaaaaa
zkqpaaaaaa
nkqpaaaaaa
ncqpaaaaaa
acqpaaaaaa
ahqpaaaaaa
dhqpaaaaaa
dtqpaaaaaa
vtqpaaaaaa
vuqpaaaaaa
fuqpaaaaaa
frqpaaaaaa
crqpaaaaaa
cxqpaaaaaa
txqpaaaaaa
tpqpaaaaaa
wpqpaaaaaa
wmqpaaaaaa
jmqpaaaaaa
jwqpaaaaaa
swqpaaaaaa
sfqpaaaaaa
qfqpaaaaaa
qdqpaaaaaa
edqpaaaaaa
ezqpaaaaaa
gzqpaaaaaa
gyqpaaaaaa
byqpaaaaaa
baqpaaaaaa
haqpaaaaaa
hoqpaaaaaa
roqpaaaaaa
riqpaaaaaa
oiqpaaaaaa
olqpaaaaaa
xlqpaaaaaa
xvqpaaaaaa
pvqpaaaaaa
pbqpaaaaaa
kbqpaaaaaa
ksqpaaaaaa
ysqpaaaaaa
ysapaaaaaa
zsapaaaaaa
zeapaaaaaa
oeapaaaaaa
oaapaaaaaa
xaapaaaaaa
xjapaaaaaa
qjapaaaaaa
qxapaaaaaa
ixapaaaaaa
iyapaaaaaa
pyapaaaaaa
pgapaaaaaa
bgapaaaaaa
bnapaaaaaa
nnapaaaaaa
ndapaaaaaa
wdapaaaaaa
wrapaaaaaa
grapaaaaaa
gbapaaaaaa
tbapaaaaaa
tfapaaaaaa
dfapaaaaaa
dzapaaaaaa
czapaaaaaa
clapaaaaaa
ulapaaaaaa
ucapaaaaaa
kcapaaaaaa
ktapaaaaaa
ltapaaaaaa
loapaaaaaa
aoapaaaaaa
avapaaaaaa
vvapaaaaaa
vmapaaaaaa
rmapaaaaaa
rhapaaaaaa
fhapaaaaaa
fiapaaaaaa
hiapaaaaaa
hpapaaaaaa
jpapaaaaaa
jqapaaaaaa
sqapaaaaaa
suapaaaaaa
suopaaaaaa
yuopaaaaaa
ywopaaaaaa
hwopaaaaaa
hjopaaaaaa
ljopaaaaaa
laopaaaaaa
caopaaaaaa
cdopaaaaaa
odopaaaaaa
omopaaaaaa
pmopaaaaaa
phopaaaaaa
ghopaaaaaa
gnopaaaaaa
rnopaaaaaa
reopaaaaaa
weopaaaaaa
wgopaaaaaa
igopaaaaaa
iqopaaaaaa
kqopaaaaaa
kvopaaaaaa
tvopaaaaaa
ttopaaaaaa
ztopaaaaaa
zzopaaaaaa
uzopaaaaaa
upopaaaaaa
xpopaaaaaa
xropaaaaaa
vropaaaaaa
vkopaaaaaa
fkopaaaaaa
fyopaaaaaa
fympaaaaaa
kympaaaaaa
kwmpaaaaaa
twmpaaaaaa
tqmpaaaaaa
eqmpaaaaaa
eampaaaaaa
zampaaaaaa
zcmpaaaaaa
icmpaaaaaa
ijmpaaaaaa
sjmpaaaaaa
stmpaaaaaa
ytmpaaaaaa
ymmpaaaaaa
nmmpaaaaaa
nempaaaaaa
xempaaaaaa
xumpaaaaaa
humpaaaaaa
hbmpaaaaaa
bbmpaaaaaa
bdmpaaaaaa
ldmpaaaaaa
lhmpaaaaaa
chmpaaaaaa
cgmpaaaaaa
ogmpaaaaaa
oompaaaaaa
qompaaaaaa
qzmpaaaaaa
mzmpaaaaaa
mlmpaaaaaa
plmpaaaaaa
prmpaaaaaa
urmpaaaaaa
ukmpaaaaaa
ukdpaaaaaa
ikdpaaaaaa
ivdpaaaaaa
qvdpaaaaaa
qadpaaaaaa
gadpaaaaaa
gcdpaaaaaa
mcdpaaaaaa
mddpaaaaaa
xddpaaaaaa
xmdpaaaaaa
lmdpaaaaaa
lwdpaaaaaa
fwdpaaaaaa
fsdpaaaaaa
psdpaaaaaa
pndpaaaaaa
yndpaaaaaa
yxdpaaaaaa
kxdpaaaaaa
kgdpaaaaaa
zgdpaaaaaa
zldpaaaaaa
tldpaaaaaa
tydpaaaaaa
jydpaaaaaa
jjdpaaaaaa
wjdpaaaaaa
wjcpaaaaaa
ajcpaaaaaa
apcpaaaaaa
ipcpaaaaaa
ifcpaaaaaa
rfcpaaaaaa
racpaaaaaa
jacpaaaaaa
jdcpaaaaaa
ddcpaaaaaa
dkcpaaaaaa
mkcpaaaaaa
mocpaaaaaa
vocpaaaaaa
vicpaaaaaa
eicpaaaaaa
escpaaaaaa
qscpaaaaaa
qqcpaaaaaa
oqcpaaaaaa
oncpaaaaaa
onfpaaaaaa
jnfpaaaaaa
jgfpaaaaaa
agfpaaaaaa
abfpaaaaaa
vbfpaaaaaa
vyfpaaaaaa
yyfpaaaaaa
yzfpaaaaaa
hzfpaaaaaa
hrfpaaaaaa
irfpaaaaaa
iufpaaaaaa
gufpaaaaaa
gdfpaaaaaa
kdfpaaaaaa
kkfpaaaaaa
tkfpaaaaaa
thfpaaaaaa
bhfpaaaaaa
bffpaaaaaa
nffpaaaaaa
nifpaaaaaa
zifpaaaaaa
zofpaaaaaa
eofpaaaaaa
ejfpaaaaaa
mjfpaaaaaa
msfpaaaaaa
ssfpaaaaaa
sefpaaaaaa
lefpaaaaaa
lejpaaaaaa
jejpaaaaaa
jrjpaaaaaa
rrjpaaaaaa
rjjpaaaaaa
bjjpaaaaaa
bvjpaaaaaa
svjpaaaaaa
sdjpaaaaaa
udjpaaaaaa
utjpaaaaaa
ptjpaaaaaa
pfjpaaaaaa
yfjpaaaaaa
ybjpaaaaaa
fbjpaaaaaa
fmjpaaaaaa
qmjpaaaaaa
qujpaaaaaa
kujpaaaaaa
kojpaaaaaa
korpaaaaaa
sorpaaaaaa
szrpaaaaaa
ozrpaaaaaa
osrpaaaaaa
wsrpaaaaaa
wlrpaaaaaa
nlrpaaaaaa
nwrpaaaaaa
uwrpaaaaaa
uirpaaaaaa
yirpaaaaaa
yarpaaaaaa
yalpaaaaaa
nalpaaaaaa
njlpaaaaaa
cjlpaaaaaa
cmlpaaaaaa
dmlpaaaaaa
dnlpaaaaaa
anlpaaaaaa
adlpaaaaaa
fdlpaaaaaa
fvlpaaaaaa
fvfpaaaaaa
dvfpaaaaaa
dxfpaaaaaa
wxfpaaaaaa
wwfpaaaaaa
pwfpaaaaaa
ppfpaaaaaa
pplpaaaaaa
kplpaaaaaa
kilpaaaaaa
tilpaaaaaa
tippaaaaaa
tmppaaaaaa
emppaaaaaa
epppaaaaaa
ypppaaaaaa
ykppaaaaaa
pkppaaaaaa
pxppaaaaaa
xxppaaaaaa
xfppaaaaaa
hfppaaaaaa
hlppaaaaaa
blppaaaaaa
blopaaaaaa
blouaaaaaa
jlouaaaaaa
jkouaaaaaa
akouaaaaaa
ayouaaaaaa
dyouaaaaaa
dpouaaaaaa
mpouaaaaaa
muouaaaaaa
huouaaaaaa
hqouaaaaaa
lqouaaaaaa
lvouaaaaaa
zvouaaaaaa
zfouaaaaaa
ofouaaaaaa
obouaaaaaa
sbouaaaaaa
shouaaaaaa
qhouaaaaaa
qwouaaaaaa
vwouaaaaaa
vzouaaaaaa
fzouaaaaaa
foouaaaaaa
coouaaaaaa
csouaaaaaa
rsouaaaaaa
rcouaaaaaa
ncouaaaaaa
nrouaaaaaa
erouaaaaaa
etouaaaaaa
gtouaaaaaa
gxouaaaaaa
wxouaaaaaa
wiouaaaaaa
yiouaaaaaa
yeouaaaaaa
teouaaaaaa
tmouaaaaaa
xmouaaaaaa
xnouaaaaaa
inouaaaaaa
iaouaaaaaa
uaouaaaaaa
ugouaaaaaa
pgouaaaaaa
pdouaaaaaa
kdouaaaaaa
kjouaaaaaa
kjbuaaaaaa
djbuaaaaaa
dhbuaaaaaa
chbuaaaaaa
cubuaaaaaa
jubuaaaaaa
jcbuaaaaaa
acbuaaaaaa
aobuaaaaaa
bobuaaaaaa
bsbuaaaaaa
hsbuaaaaaa
hkbuaaaaaa
wkbuaaaaaa
wrbuaaaaaa
lrbuaaaaaa
lwbuaaaaaa
owbuaaaaaa
opbuaaaaaa
npbuaaaaaa
nibuaaaaaa
qibuaaaaaa
qlbuaaaaaa
vlbuaaaaaa
vybuaaaaaa
fybuaaaaaa
ftbuaaaaaa
mtbuaaaaaa
mxbuaaaaaa
rxbuaaaaaa
rqbuaaaaaa
zqbuaaaaaa
znbuaaaaaa
enbuaaaaaa
eebuaaaaaa
gebuaaaaaa
gbbuaaaaaa
xbbuaaaaaa
xdbuaaaaaa
sdbuaaaaaa
szbuaaaaaa
tzbuaaaaaa
tgbuaaaaaa
tgruaaaaaa
jgruaaaaaa
jsruaaaaaa
asruaaaaaa
aqruaaaaaa
wqruaaaaaa
wpruaaaaaa
zpruaaaaaa
zwruaaaaaa
rwruaaaaaa
rkruaaaaaa
dkruaaaaaa
drruaaaaaa
qrruaaaaaa
quruaaaaaa
vuruaaaaaa
viruaaaaaa
firuaaaaaa
fnruaaaaaa
bnruaaaaaa
btruaaaaaa
ntruaaaaaa
nxruaaaaaa
lxruaaaaaa
lfruaaaaaa
efruaaaaaa
evruaaaaaa
gvruaaaaaa
gyruaaaaaa
syruaaaaaa
slruaaaaaa
clruaaaaaa
czruaaaaaa
uzruaaaaaa
ucruaaaaaa
xcruaaaaaa
xaruaaaaaa
maruaaaaaa
moruaaaaaa
horuaaaaaa
hmruaaaaaa
omruaaaaaa
ojruaaaaaa
ijruaaaaaa
ibruaaaaaa
kbruaaaaaa
khruaaaaaa
yhruaaaaaa
ydruaaaaaa
ydkuaaaaaa
adkuaaaaaa
azkuaaaaaa
wzkuaaaaaa
wokuaaaaaa
dokuaaaaaa
dskuaaaaaa
nskuaaaaaa
nykuaaaaaa
lykuaaaaaa
lpkuaaaaaa
epkuaaaaaa
ewkuaaaaaa
mwkuaaaaaa
mbkuaaaaaa
jbkuaaaaaa
jhkuaaaaaa
vhkuaaaaaa
vtkuaaaaaa
rtkuaaaaaa
rukuaaaaaa
fukuaaaaaa
frkuaaaaaa
crkuaaaaaa
ckkuaaaaaa
bkkuaaaaaa
bqkuaaaaaa
xqkuaaaaaa
xvkuaaaaaa
ivkuaaaaaa
ifkuaaaaaa
tfkuaaaaaa
tikuaaaaaa
sikuaaaaaa
snkuaaaaaa
gnkuaaaaaa
gjkuaaaaaa
qjkuaaaaaa
qckuaaaaaa
zckuaaaaaa
zxkuaaaaaa
hxkuaaaaaa
hekuaaaaaa
uekuaaaaaa
umkuaaaaaa
pmkuaaaaaa
plkuaaaaaa
klkuaaaaaa
kgkuaaaaaa
ogkuaaaaaa
oakuaaaaaa
oapuaaaaaa
capuaaaaaa
cwpuaaaaaa
awpuaaaaaa
agpuaaaaaa
fgpuaaaaaa
fppuaaaaaa
bppuaaaaaa
bupuaaaaaa
nupuaaaaaa
nqpuaaaaaa
eqpuaaaaaa
eipuaaaaaa
zipuaaaaaa
zypuaaaaaa
typuaaaaaa
tbpuaaaaaa
wbpuaaaaaa
whpuaaaaaa
ghpuaaaaaa
gkpuaaaaaa
qkpuaaaaaa
qzpuaaaaaa
dzpuaaaaaa
dtpuaaaaaa
jtpuaaaaaa
jopuaaaaaa
ropuaaaaaa
rvpuaaaaaa
hvpuaaaaaa
hrpuaaaaaa
mrpuaaaaaa
mfpuaaaaaa
sfpuaaaaaa
scpuaaaaaa
vcpuaaaaaa
vnpuaaaaaa
knpuaaaaaa
kepuaaaaaa
lepuaaaaaa
llpuaaaaaa
ilpuaaaaaa
ispuaaaaaa
uspuaaaaaa
uxpuaaaaaa
yxpuaaaaaa
ympuaaaaaa
ymvuaaaaaa
mmvuaaaaaa
mkvuaaaaaa
okvuaaaaaa
ocvuaaaaaa
wcvuaaaaaa
wyvuaaaaaa
qyvuaaaaaa
qpvuaaaaaa
vpvuaaaaaa
vxvuaaaaaa
fxvuaaaaaa
fsvuaaaaaa
esvuaaaaaa
eovuaaaaaa
govuaaaaaa
gqvuaaaaaa
dqvuaaaaaa
dvvuaaaaaa
jvvuaaaaaa
jfvuaaaaaa
afvuaaaaaa
abvuaaaaaa
nbvuaaaaaa
nhvuaaaaaa
ihvuaaaaaa
iuvuaaaaaa
tuvuaaaaaa
tlvuaaaaaa
xlvuaaaaaa
xrvuaaaaaa
brvuaaaaaa
bwvuaaaaaa
hwvuaaaaaa
hivuaaaaaa
livuaaaaaa
ltvuaaaaaa
ztvuaaaaaa
zevuaaaaaa
revuaaaaaa
rgvuaaaaaa
rguuaaaaaa
qguuaaaaaa
qxuuaaaaaa
axuuaaaaaa
apuuaaaaaa
xpuuaaaaaa
xouuaaaaaa
pouuaaaaaa
psuuaaaaaa
gsuuaaaaaa
gcuuaaaaaa
lcuuaaaaaa
lnuuaaaaaa
dnuuaaaaaa
dfuuaaaaaa
nfuuaaaaaa
nmuuaaaaaa
jmuuaaaaaa
jruuaaaaaa
sruuaaaaaa
swuuaaaaaa
fwuuaaaaaa
fduuaaaaaa
wduuaaaaaa
wuuuaaaaaa
ouuuaaaaaa
otuuaaaaaa
htuuaaaaaa
hyuuaaaaaa
eyuuaaaaaa
ebuuaaaaaa
zbuuaaaaaa
zhuuaaaaaa
thuuaaaaaa
tjuuaaaaaa
vjuuaaaaaa
vkuuaaaaaa
ikuuaaaaaa
izuuaaaaaa
mzuuaaaaaa
meuuaaaaaa
ceuuaaaaaa
ciuuaaaaaa
biuuaaaaaa
bauuaaaaaa
yauuaaaaaa
yquuaaaaaa
uquuaaaaaa
uvuuaaaaaa
kvuuaaaaaa
kvauaaaaaa
yvauaaaaaa
ywauaaaaaa
pwauaaaaaa
pqauaaaaaa
tqauaaaaaa
trauaaaaaa
irauaaaaaa
idauaaaaaa
rdauaaaaaa
rbauaaaaaa
qbauaaaaaa
qmauaaaaaa
smauaaaaaa
seauaaaaaa
veauaaaaaa
vaauaaaaaa
faauaaaaaa
ffauaaaaaa
bfauaaaaaa
bxauaaaaaa
exauaaaaaa
ejauaaaaaa
wjauaaaaaa
wnauaaaaaa
onauaaaaaa
oyauaaaaaa
uyauaaaaaa
uiauaaaaaa
xiauaaaaaa
xhauaaaaaa
hhauaaaaaa
hlauaaaaaa
nlauaaaaaa
nzauaaaaaa
jzauaaaaaa
jzcuaaaaaa
ozcuaaaaaa
ohcuaaaaaa
ahcuaaaaaa
alcuaaaaaa
dlcuaaaaaa
dccuaaaaaa
mccuaaaaaa
micuaaaaaa
gicuaaaaaa
gwcuaaaaaa
nwcuaaaaaa
nvcuaaaaaa
wvcuaaaaaa
wtcuaaaaaa
ctcuaaaaaa
cfcuaaaaaa
qfcuaaaaaa
qocuaaaaaa
socuaaaaaa
spcuaaaaaa
hpcuaaaaaa
hjcuaaaaaa
rjcuaaaaaa
rycuaaaaaa
bycuaaaaaa
bdcuaaaaaa
edcuaaaaaa
ekcuaaaaaa
lkcuaaaaaa
lucuaaaaaa
zucuaaaaaa
zrcuaaaaaa
urcuaaaaaa
ubcuaaaaaa
fbcuaaaaaa
fmcuaaaaaa
vmcuaaaaaa
vscuaaaaaa
kscuaaaaaa
kxcuaaaaaa
txcuaaaaaa
tncuaaaaaa
pncuaaaaaa
pacuaaaaaa
pasuaaaaaa
hasuaaaaaa
hgsuaaaaaa
lgsuaaaaaa
ljsuaaaaaa
ajsuaaaaaa
atsuaaaaaa
stsuaaaaaa
susuaaaaaa
eusuaaaaaa
elsuaaaaaa
glsuaaaaaa
gzsuaaaaaa
rzsuaaaaaa
rpsuaaaaaa
ypsuaaaaaa
yosuaaaaaa
iosuaaaaaa
iwsuaaaaaa
jwsuaaaaaa
jqsuaaaaaa
kqsuaaaaaa
kysuaaaaaa
cysuaaaaaa
cvsuaaaaaa
mvsuaaaaaa
mssuaaaaaa
wssuaaaaaa
wfsuaaaaaa
vfsuaaaaaa
vbsuaaaaaa
bbsuaaaaaa
bcsuaaaaaa
fcsuaaaaaa
fhsuaaaaaa
uhsuaaaaaa
uksuaaaaaa
nksuaaaaaa
nesuaaaaaa
desuaaaaaa
disuaaaaaa
oisuaaaaaa
oxsuaaaaaa
xxsuaaaaaa
xxwuaaaaaa
pxwuaaaaaa
pcwuaaaaaa
tcwuaaaaaa
ttwuaaaaaa
utwuaaaaaa
ufwuaaaaaa
kfwuaaaaaa
kawuaaaaaa
sawuaaaaaa
sgwuaaaaaa
cgwuaaaaaa
cmwuaaaaaa
imwuaaaaaa
iewuaaaaaa
fewuaaaaaa
fjwuaaaaaa
yjwuaaaaaa
yswuaaaaaa
lswuaaaaaa
ldwuaaaaaa
hdwuaaaaaa
hnwuaaaaaa
jnwuaaaaaa
jpwuaaaaaa
gpwuaaaaaa
guwuaaaaaa
duwuaaaaaa
dbwuaaaaaa
dbjuaaaaaa
pbjuaaaaaa
pejuaaaaaa
wejuaaaaaa
wmjuaaaaaa
gmjuaaaaaa
gdjuaaaaaa
tdjuaaaaaa
tajuaaaaaa
lajuaaaaaa
lzjuaaaaaa
yzjuaaaaaa
ynjuaaaaaa
rnjuaaaaaa
rhjuaaaaaa
ehjuaaaaaa
egjuaaaaaa
xgjuaaaaaa
xjjuaaaaaa
njjuaaaaaa
nojuaaaaaa
vojuaaaaaa
vrjuaaaaaa
krjuaaaaaa
kwjuaaaaaa
uwjuaaaaaa
upjuaaaaaa
ipjuaaaaaa
itjuaaaaaa
qtjuaaaaaa
qvjuaaaaaa
ovjuaaaaaa
oljuaaaaaa
mljuaaaaaa
mqjuaaaaaa
cqjuaaaaaa
ccjuaaaaaa
ccmuaaaaaa
kcmuaaaaaa
komuaaaaaa
uomuaaaaaa
udmuaaaaaa
ndmuaaaaaa
ngmuaaaaaa
wgmuaaaaaa
wlmuaaaaaa
ylmuaaaaaa
yfmuaaaaaa
pfmuaaaaaa
phmuaaaaaa
bhmuaaaaaa
bmmuaaaaaa
dmmuaaaaaa
dwmuaaaaaa
xwmuaaaaaa
xzmuaaaaaa
ezmuaaaaaa
ezyuaaaaaa
hzyuaaaaaa
hfyuaaaaaa
gfyuaaaaaa
gayuaaaaaa
jayuaaaaaa
jyyuaaaaaa
xyyuaaaaaa
xtyuaaaaaa
ytyuaaaaaa
yuyuaaaaaa
auyuaaaaaa
aiyuaaaaaa
iiyuaaaaaa
iqyuaaaaaa
oqyuaaaaaa
oeyuaaaaaa
oexuaaaaaa
qexuaaaaaa
qnxuaaaaaa
cnxuaaaaaa
cxxuaaaaaa
dxxuaaaaaa
dgxuaaaaaa
mgxuaaaaaa
myxuaaaaaa
iyxuaaaaaa
icxuaaaaaa
hcxuaaaaaa
hbxuaaaaaa
lbxuaaaaaa
lmxuaaaaaa
zmxuaaaaaa
zdxuaaaaaa
jdxuaaaaaa
jixuaaaaaa
pixuaaaaaa
pkxuaaaaaa
skxuaaaaaa
sqxuaaaaaa
vqxuaaaaaa
vvxuaaaaaa
fvxuaaaaaa
flxuaaaaaa
ulxuaaaaaa
uuxuaaaaaa
kuxuaaaaaa
kpxuaaaaaa
tpxuaaaaaa
toxuaaaaaa
tofuaaaaaa
oofuaaaaaa
odfuaaaaaa
qdfuaaaaaa
qafuaaaaaa
dafuaaaaaa
daguaaaaaa
zaguaaaaaa
zjguaaaaaa
ujguaaaaaa
unguaaaaaa
anguaaaaaa
amguaaaaaa
kmguaaaaaa
kzguaaaaaa
pzguaaaaaa
puguaaaaaa
xuguaaaaaa
xsguaaaaaa
tsguaaaaaa
twguaaaaaa
wwguaaaaaa
wwluaaaaaa
waluaaaaaa
aaluaaaaaa
arluaaaaaa
grluaaaaaa
grhuaaaaaa
prhuaaaaaa
pyhuaaaaaa
yyhuaaaaaa
ychuaaaaaa
echuaaaaaa
emhuaaaaaa
rmhuaaaaaa
rahuaaaaaa
nahuaaaaaa
nnhuaaaaaa
mnhuaaaaaa
mdhuaaaaaa
vdhuaaaaaa
vghuaaaaaa
ighuaaaaaa
ixhuaaaaaa
jxhuaaaaaa
jehuaaaaaa
xehuaaaaaa
xkhuaaaaaa
fkhuaaaaaa
fqhuaaaaaa
qqhuaaaaaa
qshuaaaaaa
oshuaaaaaa
osiuaaaaaa
ssiuaaaaaa
sxiuaaaaaa
sxzuaaaaaa
sjzuaaaaaa
jjzuaaaaaa
jjnuaaaaaa
cjnuaaaaaa
cdnuaaaaaa
ddnuaaaaaa
ddtuaaaaaa
ddtaaaaaaa
ndtaaaaaaa
nrtaaaaaaa
brtaaaaaaa
bhtaaaaaaa
zhtaaaaaaa
zctaaaaaaa
cctaaaaaaa
citaaaaaaa
xitaaaaaaa
xqtaaaaaaa
sqtaaaaaaa
smtaaaaaaa
jmtaaaaaaa
jetaaaaaaa
aetaaaaaaa
ajtaaaaaaa
gjtaaaaaaa
gjraaaaaaa
djraaaaaaa
daraaaaaaa
dayaaaaaaa
mayaaaaaaa
moyaaaaaaa
zoyaaaaaaa
zkyaaaaaaa
zkxaaaaaaa
mkxaaaaaaa
mdxaaaaaaa
mdfaaaaaaa
mdfsaaaaaa
udfsaaaaaa
ujfsaaaaaa
kjfsaaaaaa
kafsaaaaaa
yafsaaaaaa
yffsaaaaaa
pffsaaaaaa
pmfsaaaaaa
smfsaaaaaa
shfsaaaaaa
qhfsaaaaaa
qlfsaaaaaa
vlfsaaaaaa
vzfsaaaaaa
fzfsaaaaaa
fofsaaaaaa
bofsaaaaaa
bsfsaaaaaa
hsfsaaaaaa
hqfsaaaaaa
lqfsaaaaaa
lvfsaaaaaa
zvfsaaaaaa
zwfsaaaaaa
owfsaaaaaa
obfsaaaaaa
wbfsaaaaaa
wrfsaaaaaa
crfsaaaaaa
cnfsaaaaaa
rnfsaaaaaa
rcfsaaaaaa
tcfsaaaaaa
tgfsaaaaaa
xgfsaaaaaa
xefsaaaaaa
iefsaaaaaa
iifsaaaaaa
eifsaaaaaa
etfsaaaaaa
gtfsaaaaaa
gxfsaaaaaa
nxfsaaaaaa
nkfsaaaaaa
akfsaaaaaa
ayfsaaaaaa
dyfsaaaaaa
dpfsaaaaaa
jpfsaaaaaa
jufsaaaaaa
juosaaaaaa
buosaaaaaa
bwosaaaaaa
rwosaaaaaa
rmosaaaaaa
umosaaaaaa
uvosaaaaaa
cvosaaaaaa
cfosaaaaaa
ifosaaaaaa
idosaaaaaa
sdosaaaaaa
srosaaaaaa
qrosaaaaaa
qjosaaaaaa
vjosaaaaaa
vaosaaaaaa
faosaaaaaa
fgosaaaaaa
hgosaaaaaa
hnosaaaaaa
tnosaaaaaa
tqosaaaaaa
wqosaaaaaa
wtosaaaaaa
ytosaaaaaa
ybosaaaaaa
pbosaaaaaa
pcosaaaaaa
kcosaaaaaa
khosaaaaaa
xhosaaaaaa
xlosaaaaaa
nlosaaaaaa
nzosaaaaaa
ezosaaaaaa
eoosaaaaaa
goosaaaaaa
gsosaaaaaa
zsosaaaaaa
zeosaaaaaa
leosaaaaaa
lxosaaaaaa
oxosaaaaaa
okosaaaaaa
mkosaaaaaa
miosaaaaaa
diosaaaaaa
dicsaaaaaa
licsaaaaaa
lrcsaaaaaa
mrcsaaaaaa
mucsaaaaaa
oucsaaaaaa
occsaaaaaa
accsaaaaaa
abcsaaaaaa
qbcsaaaaaa
qpcsaaaaaa
vpcsaaaaaa
vkcsaaaaaa
jkcsaaaaaa
jocsaaaaaa
cocsaaaaaa
cycsaaaaaa
nycsaaaaaa
nqcsaaaaaa
eqcsaaaaaa
evcsaaaaaa
gvcsaaaaaa
gfcsaaaaaa
zfcsaaaaaa
zxcsaaaaaa
sxcsaaaaaa
stcsaaaaaa
itcsaaaaaa
iwcsaaaaaa
fwcsaaaaaa
flcsaaaaaa
blcsaaaaaa
bncsaaaaaa
yncsaaaaaa
yscsaaaaaa
tscsaaaaaa
tmcsaaaaaa
wmcsaaaaaa
wdcsaaaaaa
pdcsaaaaaa
pecsaaaaaa
recsaaaaaa
rhcsaaaaaa
hhcsaaaaaa
hzcsaaaaaa
xzcsaaaaaa
xjcsaaaaaa
xjysaaaaaa
fjysaaaaaa
fpysaaaaaa
bpysaaaaaa
bkysaaaaaa
hkysaaaaaa
hyysaaaaaa
lyysaaaaaa
ltysaaaaaa
dtysaaaaaa
dfysaaaaaa
mfysaaaaaa
mcysaaaaaa
wcysaaaaaa
whysaaaaaa
ahysaaaaaa
alysaaaaaa
rlysaaaaaa
rzysaaaaaa
jzysaaaaaa
jrysaaaaaa
erysaaaaaa
esysaaaaaa
nsysaaaaaa
nvysaaaaaa
yvysaaaaaa
yiysaaaaaa
ziysaaaaaa
zuysaaaaaa
guysaaaaaa
gbysaaaaaa
kbysaaaaaa
knysaaaaaa
qnysaaaaaa
qwysaaaaaa
vwysaaaaaa
vxysaaaaaa
uxysaaaaaa
uoysaaaaaa
ioysaaaaaa
iaysaaaaaa
saysaaaaaa
sqysaaaaaa
pqysaaaaaa
pgysaaaaaa
cgysaaaaaa
ceysaaaaaa
teysaaaaaa
tdysaaaaaa
odysaaaaaa
omysaaaaaa
omusaaaaaa
vmusaaaaaa
vcusaaaaaa
fcusaaaaaa
fyusaaaaaa
byusaaaaaa
btusaaaaaa
rtusaaaaaa
ruusaaaaaa
auusaaaaaa
avusaaaaaa
dvusaaaaaa
dxusaaaaaa
mxusaaaaaa
mbusaaaaaa
sbusaaaaaa
siusaaaaaa
jiusaaaaaa
jlusaaaaaa
glusaaaaaa
gpusaaaaaa
wpusaaaaaa
wousaaaaaa
housaaaaaa
hwusaaaaaa
lwusaaaaaa
lkusaaaaaa
ekusaaaaaa
efusaaaaaa
ufusaaaaaa
uzusaaaaaa
zzusaaaaaa
zgusaaaaaa
ygusaaaaaa
yhusaaaaaa
chusaaaaaa
cqusaaaaaa
qqusaaaaaa
qdusaaaaaa
ndusaaaaaa
nnusaaaaaa
inusaaaaaa
isusaaaaaa
ksusaaaaaa
krusaaaaaa
xrusaaaaaa
xausaaaaaa
pausaaaaaa
pajsaaaaaa
gajsaaaaaa
gwjsaaaaaa
ywjsaaaaaa
ydjsaaaaaa
ldjsaaaaaa
lgjsaaaaaa
ugjsaaaaaa
unjsaaaaaa
onjsaaaaaa
ofjsaaaaaa
sfjsaaaaaa
sljsaaaaaa
cljsaaaaaa
cmjsaaaaaa
kmjsaaaaaa
kzjsaaaaaa
tzjsaaaaaa
tojsaaaaaa
aojsaaaaaa
aqjsaaaaaa
bqjsaaaaaa
bcjsaaaaaa
xcjsaaaaaa
xvjsaaaaaa
ivjsaaaaaa
ijjsaaaaaa
mjjsaaaaaa
mhjsaaaaaa
dhjsaaaaaa
drjsaaaaaa
zrjsaaaaaa
zyjsaaaaaa
vyjsaaaaaa
vsjsaaaaaa
fsjsaaaaaa
ftjsaaaaaa
htjsaaaaaa
hejsaaaaaa
nejsaaaaaa
nijsaaaaaa
wijsaaaaaa
wkjsaaaaaa
rkjsaaaaaa
rxjsaaaaaa
qxjsaaaaaa
qxssaaaaaa
jxssaaaaaa
jcssaaaaaa
lcssaaaaaa
lpssaaaaaa
zpssaaaaaa
ztssaaaaaa
mtssaaaaaa
mmssaaaaaa
amssaaaaaa
arssaaaaaa
grssaaaaaa
gyssaaaaaa
ryssaaaaaa
rossaaaaaa
nossaaaaaa
nussaaaaaa
cussaaaaaa
cwssaaaaaa
dwssaaaaaa
dqssaaaaaa
xqssaaaaaa
xissaaaaaa
pissaaaaaa
pkssaaaaaa
skssaaaaaa
sgssaaaaaa
ogssaaaaaa
ohssaaaaaa
vhssaaaaaa
vessaaaaaa
fessaaaaaa
fvssaaaaaa
wvssaaaaaa
wzssaaaaaa
bzssaaaaaa
bassaaaaaa
tassaaaaaa
tfssaaaaaa
tfrsaaaaaa
jfrsaaaaaa
jyrsaaaaaa
oyrsaaaaaa
oprsaaaaaa
mprsaaaaaa
mnrsaaaaaa
enrsaaaaaa
eursaaaaaa
fursaaaaaa
fkrsaaaaaa
xkrsaaaaaa
xtrsaaaaaa
ctrsaaaaaa
csrsaaaaaa
rsrsaaaaaa
rqrsaaaaaa
uqrsaaaaaa
urrsaaaaaa
irrsaaaaaa
ixrsaaaaaa
axrsaaaaaa
airsaaaaaa
qirsaaaaaa
qmrsaaaaaa
gmrsaaaaaa
ghrsaaaaaa
bhrsaaaaaa
bgrsaaaaaa
dgrsaaaaaa
dorsaaaaaa
lorsaaaaaa
lbrsaaaaaa
hbrsaaaaaa
hcrsaaaaaa
zcrsaaaaaa
zarsaaaaaa
narsaaaaaa
njrsaaaaaa
sjrsaaaaaa
svrsaaaaaa
vvrsaaaaaa
vdrsaaaaaa
vdlsaaaaaa
rdlsaaaaaa
rplsaaaaaa
eplsaaaaaa
emlsaaaaaa
jmlsaaaaaa
jslsaaaaaa
aslsaaaaaa
aglsaaaaaa
wglsaaaaaa
wflsaaaaaa
lflsaaaaaa
lhlsaaaaaa
nhlsaaaaaa
nblsaaaaaa
dblsaaaaaa
dllsaaaaaa
mllsaaaaaa
mwlsaaaaaa
pwlsaaaaaa
pulsaaaaaa
xulsaaaaaa
xolsaaaaaa
kolsaaaaaa
kylsaaaaaa
tylsaaaaaa
txlsaaaaaa
hxlsaaaaaa
hvlsaaaaaa
ovlsaaaaaa
otlsaaaaaa
qtlsaaaaaa
qclsaaaaaa
sclsaaaaaa
snlsaaaaaa
fnlsaaaaaa
filsaaaaaa
gilsaaaaaa
gzlsaaaaaa
czlsaaaaaa
calsaaaaaa
ualsaaaaaa
uelsaaaaaa
belsaaaaaa
brlsaaaaaa
yrlsaaaaaa
yklsaaaaaa
zklsaaaaaa
zjlsaaaaaa
zjpsaaaaaa
wjpsaaaaaa
wupsaaaaaa
supsaaaaaa
swpsaaaaaa
nwpsaaaaaa
ncpsaaaaaa
dcpsaaaaaa
dspsaaaaaa
mspsaaaaaa
mopsaaaaaa
yopsaaaaaa
yqpsaaaaaa
kqpsaaaaaa
kvpsaaaaaa
bvpsaaaaaa
bfpsaaaaaa
rfpsaaaaaa
rbpsaaaaaa
jbpsaaaaaa
jhpsaaaaaa
ehpsaaaaaa
elpsaaaaaa
tlpsaaaaaa
tppsaaaaaa
xppsaaaaaa
xnpsaaaaaa
anpsaaaaaa
atpsaaaaaa
ptpsaaaaaa
pypsaaaaaa
uypsaaaaaa
uipsaaaaaa
oipsaaaaaa
oepsaaaaaa
qepsaaaaaa
qgpsaaaaaa
ggpsaaaaaa
gdpsaaaaaa
cdpsaaaaaa
cxpsaaaaaa
cxzsaaaaaa
fxzsaaaaaa
frzsaaaaaa
hrzsaaaaaa
hpzsaaaaaa
apzsaaaaaa
adzsaaaaaa
jdzsaaaaaa
jqzsaaaaaa
zqzsaaaaaa
zhzsaaaaaa
thzsaaaaaa
tbzsaaaaaa
ebzsaaaaaa
ejzsaaaaaa
gjzsaaaaaa
gkzsaaaaaa
qkzsaaaaaa
qzzsaaaaaa
dzzsaaaaaa
dnzsaaaaaa
lnzsaaaaaa
lszsaaaaaa
pszsaaaaaa
pvzsaaaaaa
mvzsaaaaaa
mezsaaaaaa
kezsaaaaaa
kwzsaaaaaa
uwzsaaaaaa
uczsaaaaaa
iczsaaaaaa
iuzsaaaaaa
vuzsaaaaaa
vtzsaaaaaa
ntzsaaaaaa
nmzsaaaaaa
bmzsaaaaaa
bizsaaaaaa
rizsaaaaaa
razsaaaaaa
oazsaaaaaa
olzsaaaaaa
wlzsaaaaaa
wyzsaaaaaa
syzsaaaaaa
sozsaaaaaa
sobsaaaaaa
oobsaaaaaa
orbsaaaaaa
vrbsaaaaaa
vibsaaaaaa
cibsaaaaaa
cpbsaaaaaa
ppbsaaaaaa
pzbsaaaaaa
izbsaaaaaa
ikbsaaaaaa
dkbsaaaaaa
dabsaaaaaa
labsaaaaaa
lubsaaaaaa
kubsaaaaaa
kfbsaaaaaa
afbsaaaaaa
ajbsaaaaaa
jjbsaaaaaa
jtbsaaaaaa
utbsaaaaaa
ulbsaaaaaa
zlbsaaaaaa
zmbsaaaaaa
fmbsaaaaaa
fqbsaaaaaa
fqwsaaaaaa
mqwsaaaaaa
mgwsaaaaaa
jgwsaaaaaa
jvwsaaaaaa
rvwsaaaaaa
rvdsaaaaaa
rjdsaaaaaa
pjdsaaaaaa
phdsaaaaaa
ihdsaaaaaa
igdsaaaaaa
vgdsaaaaaa
vfdsaaaaaa
nfdsaaaaaa
nrdsaaaaaa
nrmsaaaaaa
trmsaaaaaa
tumsaaaaaa
yumsaaaaaa
yzmsaaaaaa
azmsaaaaaa
aamsaaaaaa
hamsaaaaaa
hmmsaaaaaa
immsaaaaaa
iymsaaaaaa
xymsaaaaaa
xdmsaaaaaa
zdmsaaaaaa
zbmsaaaaaa
fbmsaaaaaa
ffmsaaaaaa
qfmsaaaaaa
qsmsaaaaaa
ssmsaaaaaa
spmsaaaaaa
kpmsaaaaaa
klmsaaaaaa
llmsaaaaaa
ljmsaaaaaa
cjmsaaaaaa
ckmsaaaaaa
ckasaaaaaa
tkasaaaaaa
tvasaaaaaa
qvasaaaaaa
qoasaaaaaa
zoasaaaaaa
znasaaaaaa
jnasaaaaaa
jaasaaaaaa
maasaaaaaa
mzasaaaaaa
lzasaaaaaa
lmasaaaaaa
dmasaaaaaa
djasaaaaaa
yjasaaaaaa
yeasaaaaaa
aeasaaaaaa
awasaaaaaa
wwasaaaaaa
wxasaaaaaa
kxasaaaaaa
kdasaaaaaa
fdasaaaaaa
fdtsaaaaaa
hdtsaaaaaa
hutsaaaaaa
dutsaaaaaa
detsaaaaaa
eetsaaaaaa
ewtsaaaaaa
twtsaaaaaa
titsaaaaaa
kitsaaaaaa
kttsaaaaaa
ktksaaaaaa
ttksaaaaaa
tjksaaaaaa
bjksaaaaaa
bxksaaaaaa
xxksaaaaaa
xsksaaaaaa
wsksaaaaaa
waksaaaaaa
eaksaaaaaa
eyksaaaaaa
myksaaaaaa
mydsaaaaaa
yydsaaaaaa
ymdsaaaaaa
ymqsaaaaaa
ylqsaaaaaa
ilqsaaaaaa
ibqsaaaaaa
ubqsaaaaaa
uhqsaaaaaa
fhqsaaaaaa
fhxsaaaaaa
fhxdaaaaaa
phxdaaaaaa
pmxdaaaaaa
umxdaaaaaa
ujxdaaaaaa
kjxdaaaaaa
kaxdaaaaaa
yaxdaaaaaa
ydxdaaaaaa
cdxdaaaaaa
cfxdaaaaaa
ofxdaaaaaa
obxdaaaaaa
sbxdaaaaaa
srxdaaaaaa
qrxdaaaaaa
qlxdaaaaaa
vlxdaaaaaa
vzxdaaaaaa
wzxdaaaaaa
woxdaaaaaa
boxdaaaaaa
bsxdaaaaaa
hsxdaaaaaa
hqxdaaaaaa
lqxdaaaaaa
lvxdaaaaaa
zvxdaaaaaa
zwxdaaaaaa
rwxdaaaaaa
rcxdaaaaaa
tcxdaaaaaa
tgxdaaaaaa
xgxdaaaaaa
xnxdaaaaaa
inxdaaaaaa
iexdaaaaaa
eexdaaaaaa
etxdaaaaaa
gtxdaaaaaa
gxxdaaaaaa
nxxdaaaaaa
nixdaaaaaa
mixdaaaaaa
muxdaaaaaa
juxdaaaaaa
jkxdaaaaaa
akxdaaaaaa
ayxdaaaaaa
dyxdaaaaaa
dpxdaaaaaa
dpjdaaaaaa
vpjdaaaaaa
vcjdaaaaaa
wcjdaaaaaa
wrjdaaaaaa
prjdaaaaaa
psjdaaaaaa
usjdaaaaaa
uqjdaaaaaa
kqjdaaaaaa
kvjdaaaaaa
avjdaaaaaa
adjdaaaaaa
idjdaaaaaa
imjdaaaaaa
smjdaaaaaa
sjjdaaaaaa
qjjdaaaaaa
qajdaaaaaa
rajdaaaaaa
rejdaaaaaa
tejdaaaaaa
ttjdaaaaaa
btjdaaaaaa
bnjdaaaaaa
hnjdaaaaaa
hgjdaaaaaa
ygjdaaaaaa
yyjdaaaaaa
cyjdaaaaaa
cwjdaaaaaa
owjdaaaaaa
ohjdaaaaaa
jhjdaaaaaa
jbjdaaaaaa
gbjdaaaaaa
gljdaaaaaa
fljdaaaaaa
fzjdaaaaaa
xzjdaaaaaa
xujdaaaaaa
lujdaaaaaa
lxjdaaaaaa
zxjdaaaaaa
zijdaaaaaa
eijdaaaaaa
efjdaaaaaa
mfjdaaaaaa
mojdaaaaaa
moadaaaaaa
yoadaaaaaa
yhadaaaaaa
chadaaaaaa
cjadaaaaaa
vjadaaaaaa
vgadaaaaaa
kgadaaaaaa
kradaaaaaa
bradaaaaaa
bdadaaaaaa
hdadaaaaaa
hmadaaaaaa
wmadaaaaaa
wfadaaaaaa
ifadaaaaaa
iaadaaaaaa
paadaaaaaa
pcadaaaaaa
scadaaaaaa
stadaaaaaa
utadaaaaaa
uwadaaaaaa
fwadaaaaaa
feadaaaaaa
xeadaaaaaa
xqadaaaaaa
gqadaaaaaa
gsadaaaaaa
rsadaaaaaa
riadaaaaaa
liadaaaaaa
lnadaaaaaa
anadaaaaaa
abadaaaaaa
zbadaaaaaa
zpadaaaaaa
tpadaaaaaa
tuadaaaaaa
quadaaaaaa
quydaaaaaa
duydaaaaaa
dwydaaaaaa
mwydaaaaaa
mkydaaaaaa
skydaaaaaa
syydaaaaaa
eyydaaaaaa
epydaaaaaa
rpydaaaaaa
roydaaaaaa
joydaaaaaa
jtydaaaaaa
ctydaaaaaa
csydaaaaaa
tsydaaaaaa
tqydaaaaaa
nqydaaaaaa
nrydaaaaaa
zrydaaaaaa
zfydaaaaaa
ufydaaaaaa
ubydaaaaaa
wbydaaaaaa
wiydaaaaaa
giydaaaaaa
ghydaaaaaa
vhydaaaaaa
vmydaaaaaa
fmydaaaaaa
fnydaaaaaa
onydaaaaaa
oxydaaaaaa
axydaaaaaa
acydaaaaaa
lcydaaaaaa
llydaaaaaa
ilydaaaaaa
ivydaaaaaa
pvydaaaaaa
pjydaaaaaa
yjydaaaaaa
yzydaaaaaa
kzydaaaaaa
keydaaaaaa
heydaaaaaa
haydaaaaaa
baydaaaaaa
bgydaaaaaa
bgpdaaaaaa
mgpdaaaaaa
mqpdaaaaaa
wqpdaaaaaa
wvpdaaaaaa
cvpdaaaaaa
cppdaaaaaa
oppdaaaaaa
ocpdaaaaaa
qcpdaaaaaa
qhpdaaaaaa
ahpdaaaaaa
azpdaaaaaa
rzpdaaaaaa
rlpdaaaaaa
dlpdaaaaaa
drpdaaaaaa
jrpdaaaaaa
jspdaaaaaa
nspdaaaaaa
nkpdaaaaaa
hkpdaaaaaa
hypdaaaaaa
lypdaaaaaa
lfpdaaaaaa
tfpdaaaaaa
txpdaaaaaa
sxpdaaaaaa
sipdaaaaaa
vipdaaaaaa
vtpdaaaaaa
ytpdaaaaaa
yupdaaaaaa
fupdaaaaaa
fopdaaaaaa
eopdaaaaaa
ejpdaaaaaa
gjpdaaaaaa
gapdaaaaaa
zapdaaaaaa
znpdaaaaaa
unpdaaaaaa
uepdaaaaaa
pepdaaaaaa
pbpdaaaaaa
xbpdaaaaaa
xmpdaaaaaa
kmpdaaaaaa
kwpdaaaaaa
iwpdaaaaaa
iwfdaaaaaa
ywfdaaaaaa
ybfdaaaaaa
tbfdaaaaaa
tdfdaaaaaa
pdfdaaaaaa
plfdaaaaaa
ulfdaaaaaa
uzfdaaaaaa
bzfdaaaaaa
bjfdaaaaaa
xjfdaaaaaa
xsfdaaaaaa
lsfdaaaaaa
lmfdaaaaaa
zmfdaaaaaa
zgfdaaaaaa
ogfdaaaaaa
oafdaaaaaa
safdaaaaaa
sffdaaaaaa
dffdaaaaaa
dnfdaaaaaa
qnfdaaaaaa
qefdaaaaaa
vefdaaaaaa
vofdaaaaaa
kofdaaaaaa
ktfdaaaaaa
ftfdaaaaaa
fxfdaaaaaa
hxfdaaaaaa
hcfdaaaaaa
ecfdaaaaaa
evfdaaaaaa
gvfdaaaaaa
gyfdaaaaaa
jyfdaaaaaa
jqfdaaaaaa
aqfdaaaaaa
arfdaaaaaa
rrfdaaaaaa
rhfdaaaaaa
nhfdaaaaaa
npfdaaaaaa
wpfdaaaaaa
wkfdaaaaaa
ckfdaaaaaa
cufdaaaaaa
cucdaaaaaa
wucdaaaaaa
wgcdaaaaaa
ugcdaaaaaa
uxcdaaaaaa
rxcdaaaaaa
rbcdaaaaaa
kbcdaaaaaa
khcdaaaaaa
shcdaaaaaa
slcdaaaaaa
tlcdaaaaaa
tzcdaaaaaa
ezcdaaaaaa
ercdaaaaaa
yrcdaaaaaa
yecdaaaaaa
becdaaaaaa
bqcdaaaaaa
pqcdaaaaaa
pfcdaaaaaa
xfcdaaaaaa
xwcdaaaaaa
jwcdaaaaaa
jccdaaaaaa
iccdaaaaaa
iycdaaaaaa
qycdaaaaaa
qdcdaaaaaa
vdcdaaaaaa
vacdaaaaaa
facdaaaaaa
fscdaaaaaa
ascdaaaaaa
aocdaaaaaa
hocdaaaaaa
hvcdaaaaaa
mvcdaaaaaa
mjcdaaaaaa
zjcdaaaaaa
ztcdaaaaaa
otcdaaaaaa
omcdaaaaaa
dmcdaaaaaa
dmudaaaaaa
amudaaaaaa
aiudaaaaaa
kiudaaaaaa
kyudaaaaaa
ryudaaaaaa
rfudaaaaaa
jfudaaaaaa
jpudaaaaaa
qpudaaaaaa
qkudaaaaaa
gkudaaaaaa
ggudaaaaaa
fgudaaaaaa
frudaaaaaa
mrudaaaaaa
msudaaaaaa
zsudaaaaaa
zqudaaaaaa
equdaaaaaa
enudaaaaaa
cnudaaaaaa
cxudaaaaaa
pxudaaaaaa
pwudaaaaaa
wwudaaaaaa
wtudaaaaaa
ntudaaaaaa
nludaaaaaa
bludaaaaaa
bcudaaaaaa
ycudaaaaaa
yvudaaaaaa
ovudaaaaaa
ooudaaaaaa
loudaaaaaa
laudaaaaaa
uaudaaaaaa
ududaaaaaa
sdudaaaaaa
seudaaaaaa
sekdaaaaaa
wekdaaaaaa
whkdaaaaaa
dhkdaaaaaa
dxkdaaaaaa
mxkdaaaaaa
mzkdaaaaaa
nzkdaaaaaa
